TN:
SF:C:\temp\PartialClass.cs
FN:21,SomeProperty()
FN:24,SomeProperty(System.Int32)
FN:8,ExecutedMethod_1()
FN:13,UnExecutedMethod_1()
DA:8,1
DA:9,1
DA:10,1
DA:13,0
DA:14,0
DA:15,0
DA:21,0
DA:24,1
DA:25,1
DA:26,1
DA:27,1
DA:28,1
DA:30,0
DA:31,0
DA:32,0
DA:33,1
LF:16
LH:9
end_of_record
SF:C:\temp\PartialClass2.cs
FN:8,ExecutedMethod_2()
FN:13,UnExecutedMethod_2()
DA:8,1
DA:9,1
DA:10,1
DA:13,0
DA:14,0
DA:15,0
LF:6
LH:3
end_of_record
SF:C:\temp\TestClass.cs
FN:8,SampleFunction()
FN:30,SampleFunction()
DA:8,1
DA:9,1
DA:10,1
DA:11,1
DA:12,1
DA:14,1
DA:15,1
DA:17,1
DA:18,1
DA:19,1
DA:20,1
DA:22,0
DA:23,0
DA:24,0
DA:25,1
DA:30,0
DA:31,0
DA:32,0
DA:33,0
DA:34,0
DA:35,0
LF:21
LH:12
end_of_record
