<?xml version="1.0" encoding="UTF-8"?>
<testsuites>
  <testsuite name="" tests="47" assertions="170" errors="0" failures="0" skipped="0" time="5.899026">
    <testsuite name="Unit" tests="46" assertions="169" errors="0" failures="0" skipped="0" time="5.869076">
      <testsuite name="Tests\Unit\ClientTest" file="/var/www/invoiceneko/tests/Unit/ClientTest.php" tests="3" assertions="14" errors="0" failures="0" skipped="0" time="1.546691">
        <testcase name="test_create_client" class="Tests\Unit\ClientTest" classname="Tests.Unit.ClientTest" file="/var/www/invoiceneko/tests/Unit/ClientTest.php" line="19" assertions="2" time="1.357230"/>
        <testcase name="test_update_client" class="Tests\Unit\ClientTest" classname="Tests.Unit.ClientTest" file="/var/www/invoiceneko/tests/Unit/ClientTest.php" line="52" assertions="9" time="0.116682"/>
        <testcase name="test_delete_client" class="Tests\Unit\ClientTest" classname="Tests.Unit.ClientTest" file="/var/www/invoiceneko/tests/Unit/ClientTest.php" line="91" assertions="3" time="0.072779"/>
      </testsuite>
      <testsuite name="Tests\Unit\CompanyAddressTest" file="/var/www/invoiceneko/tests/Unit/CompanyAddressTest.php" tests="3" assertions="11" errors="0" failures="0" skipped="0" time="0.190720">
        <testcase name="test_create_company_address" class="Tests\Unit\CompanyAddressTest" classname="Tests.Unit.CompanyAddressTest" file="/var/www/invoiceneko/tests/Unit/CompanyAddressTest.php" line="18" assertions="2" time="0.066094"/>
        <testcase name="test_update_company_address" class="Tests\Unit\CompanyAddressTest" classname="Tests.Unit.CompanyAddressTest" file="/var/www/invoiceneko/tests/Unit/CompanyAddressTest.php" line="39" assertions="6" time="0.062281"/>
        <testcase name="test_delete_company_address" class="Tests\Unit\CompanyAddressTest" classname="Tests.Unit.CompanyAddressTest" file="/var/www/invoiceneko/tests/Unit/CompanyAddressTest.php" line="72" assertions="3" time="0.062345"/>
      </testsuite>
      <testsuite name="Tests\Unit\CompanySettingsTest" file="/var/www/invoiceneko/tests/Unit/CompanySettingsTest.php" tests="3" assertions="12" errors="0" failures="0" skipped="0" time="0.217506">
        <testcase name="test_create_company_settings" class="Tests\Unit\CompanySettingsTest" classname="Tests.Unit.CompanySettingsTest" file="/var/www/invoiceneko/tests/Unit/CompanySettingsTest.php" line="18" assertions="2" time="0.063188"/>
        <testcase name="test_update_company_settings" class="Tests\Unit\CompanySettingsTest" classname="Tests.Unit.CompanySettingsTest" file="/var/www/invoiceneko/tests/Unit/CompanySettingsTest.php" line="39" assertions="7" time="0.083420"/>
        <testcase name="test_delete_company_settings" class="Tests\Unit\CompanySettingsTest" classname="Tests.Unit.CompanySettingsTest" file="/var/www/invoiceneko/tests/Unit/CompanySettingsTest.php" line="74" assertions="3" time="0.070898"/>
      </testsuite>
      <testsuite name="Tests\Unit\CompanyTest" file="/var/www/invoiceneko/tests/Unit/CompanyTest.php" tests="4" assertions="16" errors="0" failures="0" skipped="0" time="0.307219">
        <testcase name="test_create_company" class="Tests\Unit\CompanyTest" classname="Tests.Unit.CompanyTest" file="/var/www/invoiceneko/tests/Unit/CompanyTest.php" line="19" assertions="2" time="0.073437"/>
        <testcase name="test_update_company" class="Tests\Unit\CompanyTest" classname="Tests.Unit.CompanyTest" file="/var/www/invoiceneko/tests/Unit/CompanyTest.php" line="42" assertions="9" time="0.101241"/>
        <testcase name="test_delete_company" class="Tests\Unit\CompanyTest" classname="Tests.Unit.CompanyTest" file="/var/www/invoiceneko/tests/Unit/CompanyTest.php" line="80" assertions="2" time="0.065235"/>
        <testcase name="test_company_has_a_company_settings_relationship" class="Tests\Unit\CompanyTest" classname="Tests.Unit.CompanyTest" file="/var/www/invoiceneko/tests/Unit/CompanyTest.php" line="92" assertions="3" time="0.067306"/>
      </testsuite>
      <testsuite name="Tests\Unit\CompanyUserRequestTest" file="/var/www/invoiceneko/tests/Unit/CompanyUserRequestTest.php" tests="3" assertions="12" errors="0" failures="0" skipped="0" time="0.233870">
        <testcase name="test_create_company_user_request" class="Tests\Unit\CompanyUserRequestTest" classname="Tests.Unit.CompanyUserRequestTest" file="/var/www/invoiceneko/tests/Unit/CompanyUserRequestTest.php" line="18" assertions="2" time="0.087721"/>
        <testcase name="test_update_company_user_request" class="Tests\Unit\CompanyUserRequestTest" classname="Tests.Unit.CompanyUserRequestTest" file="/var/www/invoiceneko/tests/Unit/CompanyUserRequestTest.php" line="39" assertions="7" time="0.070129"/>
        <testcase name="test_delete_company_user_request" class="Tests\Unit\CompanyUserRequestTest" classname="Tests.Unit.CompanyUserRequestTest" file="/var/www/invoiceneko/tests/Unit/CompanyUserRequestTest.php" line="74" assertions="3" time="0.076020"/>
      </testsuite>
      <testsuite name="Tests\Unit\InvoiceItemTemplateTest" file="/var/www/invoiceneko/tests/Unit/InvoiceItemTemplateTest.php" tests="3" assertions="11" errors="0" failures="0" skipped="0" time="0.499389">
        <testcase name="test_create_invoice_item_template" class="Tests\Unit\InvoiceItemTemplateTest" classname="Tests.Unit.InvoiceItemTemplateTest" file="/var/www/invoiceneko/tests/Unit/InvoiceItemTemplateTest.php" line="18" assertions="2" time="0.128505"/>
        <testcase name="test_update_invoice_item_template" class="Tests\Unit\InvoiceItemTemplateTest" classname="Tests.Unit.InvoiceItemTemplateTest" file="/var/www/invoiceneko/tests/Unit/InvoiceItemTemplateTest.php" line="38" assertions="6" time="0.224514"/>
        <testcase name="test_delete_invoice_item_template" class="Tests\Unit\InvoiceItemTemplateTest" classname="Tests.Unit.InvoiceItemTemplateTest" file="/var/www/invoiceneko/tests/Unit/InvoiceItemTemplateTest.php" line="70" assertions="3" time="0.146370"/>
      </testsuite>
      <testsuite name="Tests\Unit\InvoiceItemTest" file="/var/www/invoiceneko/tests/Unit/InvoiceItemTest.php" tests="3" assertions="9" errors="0" failures="0" skipped="0" time="0.368141">
        <testcase name="test_create_invoice_item" class="Tests\Unit\InvoiceItemTest" classname="Tests.Unit.InvoiceItemTest" file="/var/www/invoiceneko/tests/Unit/InvoiceItemTest.php" line="19" assertions="2" time="0.117194"/>
        <testcase name="test_update_invoice_item" class="Tests\Unit\InvoiceItemTest" classname="Tests.Unit.InvoiceItemTest" file="/var/www/invoiceneko/tests/Unit/InvoiceItemTest.php" line="39" assertions="4" time="0.127888"/>
        <testcase name="test_delete_invoice_item" class="Tests\Unit\InvoiceItemTest" classname="Tests.Unit.InvoiceItemTest" file="/var/www/invoiceneko/tests/Unit/InvoiceItemTest.php" line="70" assertions="3" time="0.123059"/>
      </testsuite>
      <testsuite name="Tests\Unit\InvoiceRecurrenceTest" file="/var/www/invoiceneko/tests/Unit/InvoiceRecurrenceTest.php" tests="3" assertions="9" errors="0" failures="0" skipped="0" time="0.213955">
        <testcase name="test_create_invoice_recurrence" class="Tests\Unit\InvoiceRecurrenceTest" classname="Tests.Unit.InvoiceRecurrenceTest" file="/var/www/invoiceneko/tests/Unit/InvoiceRecurrenceTest.php" line="19" assertions="2" time="0.070709"/>
        <testcase name="test_update_invoice_recurrence" class="Tests\Unit\InvoiceRecurrenceTest" classname="Tests.Unit.InvoiceRecurrenceTest" file="/var/www/invoiceneko/tests/Unit/InvoiceRecurrenceTest.php" line="40" assertions="4" time="0.073656"/>
        <testcase name="test_delete_invoice_recurrence" class="Tests\Unit\InvoiceRecurrenceTest" classname="Tests.Unit.InvoiceRecurrenceTest" file="/var/www/invoiceneko/tests/Unit/InvoiceRecurrenceTest.php" line="74" assertions="3" time="0.069590"/>
      </testsuite>
      <testsuite name="Tests\Unit\InvoiceTemplateTest" file="/var/www/invoiceneko/tests/Unit/InvoiceTemplateTest.php" tests="3" assertions="11" errors="0" failures="0" skipped="0" time="0.318648">
        <testcase name="test_create_invoice_template" class="Tests\Unit\InvoiceTemplateTest" classname="Tests.Unit.InvoiceTemplateTest" file="/var/www/invoiceneko/tests/Unit/InvoiceTemplateTest.php" line="20" assertions="3" time="0.068840"/>
        <testcase name="test_update_invoice_template" class="Tests\Unit\InvoiceTemplateTest" classname="Tests.Unit.InvoiceTemplateTest" file="/var/www/invoiceneko/tests/Unit/InvoiceTemplateTest.php" line="47" assertions="6" time="0.125884"/>
        <testcase name="test_delete_invoice_template" class="Tests\Unit\InvoiceTemplateTest" classname="Tests.Unit.InvoiceTemplateTest" file="/var/www/invoiceneko/tests/Unit/InvoiceTemplateTest.php" line="76" assertions="2" time="0.123924"/>
      </testsuite>
      <testsuite name="Tests\Unit\InvoiceTest" file="/var/www/invoiceneko/tests/Unit/InvoiceTest.php" tests="3" assertions="10" errors="0" failures="0" skipped="0" time="0.306460">
        <testcase name="test_create_invoice" class="Tests\Unit\InvoiceTest" classname="Tests.Unit.InvoiceTest" file="/var/www/invoiceneko/tests/Unit/InvoiceTest.php" line="18" assertions="3" time="0.070164"/>
        <testcase name="test_update_invoice" class="Tests\Unit\InvoiceTest" classname="Tests.Unit.InvoiceTest" file="/var/www/invoiceneko/tests/Unit/InvoiceTest.php" line="44" assertions="5" time="0.119312"/>
        <testcase name="test_delete_invoice" class="Tests\Unit\InvoiceTest" classname="Tests.Unit.InvoiceTest" file="/var/www/invoiceneko/tests/Unit/InvoiceTest.php" line="71" assertions="2" time="0.116984"/>
      </testsuite>
      <testsuite name="Tests\Unit\ItemTemplateTest" file="/var/www/invoiceneko/tests/Unit/ItemTemplateTest.php" tests="3" assertions="11" errors="0" failures="0" skipped="0" time="0.256634">
        <testcase name="test_create_item_template" class="Tests\Unit\ItemTemplateTest" classname="Tests.Unit.ItemTemplateTest" file="/var/www/invoiceneko/tests/Unit/ItemTemplateTest.php" line="18" assertions="2" time="0.072656"/>
        <testcase name="test_update_item_template" class="Tests\Unit\ItemTemplateTest" classname="Tests.Unit.ItemTemplateTest" file="/var/www/invoiceneko/tests/Unit/ItemTemplateTest.php" line="38" assertions="6" time="0.118860"/>
        <testcase name="test_delete_item_template" class="Tests\Unit\ItemTemplateTest" classname="Tests.Unit.ItemTemplateTest" file="/var/www/invoiceneko/tests/Unit/ItemTemplateTest.php" line="70" assertions="3" time="0.065118"/>
      </testsuite>
      <testsuite name="Tests\Unit\PaymentTest" file="/var/www/invoiceneko/tests/Unit/PaymentTest.php" tests="3" assertions="11" errors="0" failures="0" skipped="0" time="0.417452">
        <testcase name="test_create_payment" class="Tests\Unit\PaymentTest" classname="Tests.Unit.PaymentTest" file="/var/www/invoiceneko/tests/Unit/PaymentTest.php" line="20" assertions="2" time="0.116799"/>
        <testcase name="test_update_payment" class="Tests\Unit\PaymentTest" classname="Tests.Unit.PaymentTest" file="/var/www/invoiceneko/tests/Unit/PaymentTest.php" line="45" assertions="6" time="0.136706"/>
        <testcase name="test_delete_payment" class="Tests\Unit\PaymentTest" classname="Tests.Unit.PaymentTest" file="/var/www/invoiceneko/tests/Unit/PaymentTest.php" line="84" assertions="3" time="0.163947"/>
      </testsuite>
      <testsuite name="Tests\Unit\QuoteItemTest" file="/var/www/invoiceneko/tests/Unit/QuoteItemTest.php" tests="3" assertions="9" errors="0" failures="0" skipped="0" time="0.529821">
        <testcase name="test_create_quote_item" class="Tests\Unit\QuoteItemTest" classname="Tests.Unit.QuoteItemTest" file="/var/www/invoiceneko/tests/Unit/QuoteItemTest.php" line="19" assertions="2" time="0.251012"/>
        <testcase name="test_update_quote_item" class="Tests\Unit\QuoteItemTest" classname="Tests.Unit.QuoteItemTest" file="/var/www/invoiceneko/tests/Unit/QuoteItemTest.php" line="39" assertions="4" time="0.151169"/>
        <testcase name="test_delete_quote_item" class="Tests\Unit\QuoteItemTest" classname="Tests.Unit.QuoteItemTest" file="/var/www/invoiceneko/tests/Unit/QuoteItemTest.php" line="70" assertions="3" time="0.127640"/>
      </testsuite>
      <testsuite name="Tests\Unit\QuoteTest" file="/var/www/invoiceneko/tests/Unit/QuoteTest.php" tests="3" assertions="10" errors="0" failures="0" skipped="0" time="0.309755">
        <testcase name="test_create_quote" class="Tests\Unit\QuoteTest" classname="Tests.Unit.QuoteTest" file="/var/www/invoiceneko/tests/Unit/QuoteTest.php" line="18" assertions="3" time="0.067604"/>
        <testcase name="test_update_quote" class="Tests\Unit\QuoteTest" classname="Tests.Unit.QuoteTest" file="/var/www/invoiceneko/tests/Unit/QuoteTest.php" line="42" assertions="5" time="0.117007"/>
        <testcase name="test_delete_quote" class="Tests\Unit\QuoteTest" classname="Tests.Unit.QuoteTest" file="/var/www/invoiceneko/tests/Unit/QuoteTest.php" line="69" assertions="2" time="0.125144"/>
      </testsuite>
      <testsuite name="Tests\Unit\UserTest" file="/var/www/invoiceneko/tests/Unit/UserTest.php" tests="3" assertions="13" errors="0" failures="0" skipped="0" time="0.152815">
        <testcase name="test_create_user" class="Tests\Unit\UserTest" classname="Tests.Unit.UserTest" file="/var/www/invoiceneko/tests/Unit/UserTest.php" line="19" assertions="2" time="0.068702"/>
        <testcase name="test_update_user" class="Tests\Unit\UserTest" classname="Tests.Unit.UserTest" file="/var/www/invoiceneko/tests/Unit/UserTest.php" line="43" assertions="9" time="0.067845"/>
        <testcase name="test_delete_user" class="Tests\Unit\UserTest" classname="Tests.Unit.UserTest" file="/var/www/invoiceneko/tests/Unit/UserTest.php" line="80" assertions="2" time="0.016268"/>
      </testsuite>
    </testsuite>
    <testsuite name="Feature" tests="1" assertions="1" errors="0" failures="0" skipped="0" time="0.029950">
      <testsuite name="Tests\Feature\ExampleTest" file="/var/www/invoiceneko/tests/Feature/ExampleTest.php" tests="1" assertions="1" errors="0" failures="0" skipped="0" time="0.029950">
        <testcase name="testBasicTest" class="Tests\Feature\ExampleTest" classname="Tests.Feature.ExampleTest" file="/var/www/invoiceneko/tests/Feature/ExampleTest.php" line="15" assertions="1" time="0.029950"/>
      </testsuite>
    </testsuite>
  </testsuite>
</testsuites>
