<?xml version="1.0" encoding="utf-8"?><testsuite errors="0" failures="0" name="pytest" skips="2" tests="118" time="47.482"><testcase classname="stestr.tests.test_bisect_return_codes.TestBisectReturnCodes" file="stestr/tests/test_bisect_return_codes.py" line="51" name="test_bisect_serial_fail_detected" time="1.5191714763641357"></testcase><testcase classname="stestr.tests.test_bisect_tests.TestBisectTests" file="stestr/tests/test_bisect_tests.py" line="142" name="test_bisect_no_failures_provided" time="0.0018160343170166016"></testcase><testcase classname="stestr.tests.test_bisect_tests.TestBisectTests" file="stestr/tests/test_bisect_tests.py" line="171" name="test_bisect_tests_isolated_failure" time="0.0027780532836914062"></testcase><testcase classname="stestr.tests.test_bisect_tests.TestBisectTests" file="stestr/tests/test_bisect_tests.py" line="188" name="test_bisect_tests_not_isolated_failure" time="0.0035223960876464844"></testcase><testcase classname="stestr.tests.test_bisect_tests.TestBisectTests" file="stestr/tests/test_bisect_tests.py" line="205" name="test_bisect_tests_not_isolated_multiworker_failures" time="0.0026350021362304688"></testcase><testcase classname="stestr.tests.test_bisect_tests.TestBisectTests" file="stestr/tests/test_bisect_tests.py" line="155" name="test_get_prior_tests_no_tags" time="0.0018451213836669922"></testcase><testcase classname="stestr.tests.test_bisect_tests.TestBisectTests" file="stestr/tests/test_bisect_tests.py" line="163" name="test_get_prior_tests_with_tags" time="0.002269268035888672"></testcase><testcase classname="stestr.tests.test_bisect_tests.TestBisectTests" file="stestr/tests/test_bisect_tests.py" line="148" name="test_prior_tests_invlaid_test_id" time="0.0017328262329101562"></testcase><testcase classname="stestr.tests.test_config_file.TestTestrConf" file="stestr/tests/test_config_file.py" line="52" name="test_get_run_command_linux" time="0.0018322467803955078"></testcase><testcase classname="stestr.tests.test_config_file.TestTestrConf" file="stestr/tests/test_config_file.py" line="56" name="test_get_run_command_win32" time="0.0024268627166748047"></testcase><testcase classname="stestr.tests.test_return_codes.TestReturnCodes" file="stestr/tests/test_return_codes.py" line="198" name="test_combine_results" time="2.3389289379119873"></testcase><testcase classname="stestr.tests.test_return_codes.TestReturnCodes" file="stestr/tests/test_return_codes.py" line="188" name="test_list" time="1.03544282913208"></testcase><testcase classname="stestr.tests.test_return_codes.TestReturnCodes" file="stestr/tests/test_return_codes.py" line="306" name="test_list_from_func" time="0.7279331684112549"></testcase><testcase classname="stestr.tests.test_return_codes.TestReturnCodes" file="stestr/tests/test_return_codes.py" line="222" name="test_load_from_stdin" time="1.5547468662261963"></testcase><testcase classname="stestr.tests.test_return_codes.TestReturnCodes" file="stestr/tests/test_return_codes.py" line="228" name="test_load_from_stdin_quiet" time="1.5756795406341553"></testcase><testcase classname="stestr.tests.test_return_codes.TestReturnCodes" file="stestr/tests/test_return_codes.py" line="239" name="test_no_subunit_trace_force_subunit_trace" time="0.9946916103363037"></testcase><testcase classname="stestr.tests.test_return_codes.TestReturnCodes" file="stestr/tests/test_return_codes.py" line="129" name="test_parallel_blacklist" time="1.030832290649414"></testcase><testcase classname="stestr.tests.test_return_codes.TestReturnCodes" file="stestr/tests/test_return_codes.py" line="126" name="test_parallel_fails" time="1.0491178035736084"></testcase><testcase classname="stestr.tests.test_return_codes.TestReturnCodes" file="stestr/tests/test_return_codes.py" line="260" name="test_parallel_fails_from_func" time="0.7679228782653809"></testcase><testcase classname="stestr.tests.test_return_codes.TestReturnCodes" file="stestr/tests/test_return_codes.py" line="120" name="test_parallel_passing" time="1.0336763858795166"></testcase><testcase classname="stestr.tests.test_return_codes.TestReturnCodes" file="stestr/tests/test_return_codes.py" line="123" name="test_parallel_passing_bad_regex" time="0.7905256748199463"></testcase><testcase classname="stestr.tests.test_return_codes.TestReturnCodes" file="stestr/tests/test_return_codes.py" line="254" name="test_parallel_passing_bad_regex_from_func" time="0.4973585605621338"></testcase><testcase classname="stestr.tests.test_return_codes.TestReturnCodes" file="stestr/tests/test_return_codes.py" line="248" name="test_parallel_passing_from_func" time="0.72281813621521"></testcase><testcase classname="stestr.tests.test_return_codes.TestReturnCodes" file="stestr/tests/test_return_codes.py" line="171" name="test_parallel_subunit_passing" time="1.0084261894226074"></testcase><testcase classname="stestr.tests.test_return_codes.TestReturnCodes" file="stestr/tests/test_return_codes.py" line="284" name="test_parallel_subunit_passing_from_func" time="0.761354923248291"></testcase><testcase classname="stestr.tests.test_return_codes.TestReturnCodes" file="stestr/tests/test_return_codes.py" line="137" name="test_parallel_whitelist" time="1.0264790058135986"></testcase><testcase classname="stestr.tests.test_return_codes.TestReturnCodes" file="stestr/tests/test_return_codes.py" line="151" name="test_serial_blacklist" time="1.0315067768096924"></testcase><testcase classname="stestr.tests.test_return_codes.TestReturnCodes" file="stestr/tests/test_return_codes.py" line="148" name="test_serial_fails" time="0.7735192775726318"></testcase><testcase classname="stestr.tests.test_return_codes.TestReturnCodes" file="stestr/tests/test_return_codes.py" line="271" name="test_serial_fails_from_func" time="0.5038683414459229"></testcase><testcase classname="stestr.tests.test_return_codes.TestReturnCodes" file="stestr/tests/test_return_codes.py" line="145" name="test_serial_passing" time="0.9964983463287354"></testcase><testcase classname="stestr.tests.test_return_codes.TestReturnCodes" file="stestr/tests/test_return_codes.py" line="265" name="test_serial_passing_from_func" time="0.7289366722106934"></testcase><testcase classname="stestr.tests.test_return_codes.TestReturnCodes" file="stestr/tests/test_return_codes.py" line="167" name="test_serial_subunit_passing" time="0.9973504543304443"></testcase><testcase classname="stestr.tests.test_return_codes.TestReturnCodes" file="stestr/tests/test_return_codes.py" line="276" name="test_serial_subunit_passing_from_func" time="0.7432205677032471"></testcase><testcase classname="stestr.tests.test_return_codes.TestReturnCodes" file="stestr/tests/test_return_codes.py" line="159" name="test_serial_whitelist" time="1.0141842365264893"></testcase><testcase classname="stestr.tests.test_return_codes.TestReturnCodes" file="stestr/tests/test_return_codes.py" line="178" name="test_slowest_failing" time="1.0456080436706543"></testcase><testcase classname="stestr.tests.test_return_codes.TestReturnCodes" file="stestr/tests/test_return_codes.py" line="175" name="test_slowest_passing" time="1.0398054122924805"></testcase><testcase classname="stestr.tests.test_return_codes.TestReturnCodes" file="stestr/tests/test_return_codes.py" line="181" name="test_until_failure_fails" time="1.029508113861084"></testcase><testcase classname="stestr.tests.test_return_codes.TestReturnCodes" file="stestr/tests/test_return_codes.py" line="292" name="test_until_failure_fails_from_func" time="0.7537150382995605"></testcase><testcase classname="stestr.tests.test_return_codes.TestReturnCodes" file="stestr/tests/test_return_codes.py" line="184" name="test_until_failure_with_subunit_fails" time="1.0692358016967773"></testcase><testcase classname="stestr.tests.test_return_codes.TestReturnCodes" file="stestr/tests/test_return_codes.py" line="298" name="test_until_failure_with_subunit_fails_from_func" time="0.7458899021148682"></testcase><testcase classname="stestr.tests.test_scheduler.TestScheduler" file="stestr/tests/test_scheduler.py" line="119" name="test_generate_worker_partitions" time="0.0015256404876708984"></testcase><testcase classname="stestr.tests.test_scheduler.TestScheduler" file="stestr/tests/test_scheduler.py" line="134" name="test_generate_worker_partitions_group_without_list" time="0.0009517669677734375"></testcase><testcase classname="stestr.tests.test_scheduler.TestScheduler" file="stestr/tests/test_scheduler.py" line="156" name="test_generate_worker_partitions_group_without_match" time="0.0010762214660644531"></testcase><testcase classname="stestr.tests.test_scheduler.TestScheduler" file="stestr/tests/test_scheduler.py" line="145" name="test_generate_worker_partitions_no_worker_tag" time="0.0009067058563232422"></testcase><testcase classname="stestr.tests.test_scheduler.TestScheduler" file="stestr/tests/test_scheduler.py" line="172" name="test_generate_worker_partitions_with_count" time="0.0011019706726074219"></testcase><testcase classname="stestr.tests.test_scheduler.TestScheduler" file="stestr/tests/test_scheduler.py" line="191" name="test_generate_worker_partitions_with_count_1" time="0.0008866786956787109"></testcase><testcase classname="stestr.tests.test_scheduler.TestScheduler" file="stestr/tests/test_scheduler.py" line="34" name="test_partition_tests" time="0.001386880874633789"></testcase><testcase classname="stestr.tests.test_scheduler.TestScheduler" file="stestr/tests/test_scheduler.py" line="85" name="test_partition_tests_with_grouping" time="0.0007283687591552734"></testcase><testcase classname="stestr.tests.test_scheduler.TestScheduler" file="stestr/tests/test_scheduler.py" line="72" name="test_partition_tests_with_zero_duration" time="0.0006051063537597656"></testcase><testcase classname="stestr.tests.test_scheduler.TestScheduler" file="stestr/tests/test_scheduler.py" line="54" name="test_random_partitions" time="0.0005099773406982422"></testcase><testcase classname="stestr.tests.test_selection.TestSelection" file="stestr/tests/test_selection.py" line="27" name="test_filter_tests" time="0.0005877017974853516"></testcase><testcase classname="stestr.tests.test_selection.TestSelection" file="stestr/tests/test_selection.py" line="22" name="test_filter_tests_no_filter" time="0.0004811286926269531"></testcase><testcase classname="stestr.tests.test_selection.TestBlackReader" file="stestr/tests/test_selection.py" line="34" name="test_black_reader" time="0.0011708736419677734"></testcase><testcase classname="stestr.tests.test_selection.TestConstructList" file="stestr/tests/test_selection.py" line="65" name="test_blacklist" time="0.0008857250213623047"></testcase><testcase classname="stestr.tests.test_selection.TestConstructList" file="stestr/tests/test_selection.py" line="101" name="test_overlapping_black_regex" time="0.0007936954498291016"></testcase><testcase classname="stestr.tests.test_selection.TestConstructList" file="stestr/tests/test_selection.py" line="60" name="test_simple_black_re" time="0.00045800209045410156"></testcase><testcase classname="stestr.tests.test_selection.TestConstructList" file="stestr/tests/test_selection.py" line="55" name="test_simple_re" time="0.0004544258117675781"></testcase><testcase classname="stestr.tests.test_selection.TestConstructList" file="stestr/tests/test_selection.py" line="75" name="test_whitelist" time="0.0007548332214355469"></testcase><testcase classname="stestr.tests.test_selection.TestConstructList" file="stestr/tests/test_selection.py" line="86" name="test_whitelist_blacklist_re" time="0.0009248256683349609"></testcase><testcase classname="stestr.tests.test_slowest.TestSlowest" file="stestr/tests/test_slowest.py" line="17" name="test_format_times" time="0.0005280971527099609"></testcase><testcase classname="stestr.tests.test_slowest.TestSlowest" file="stestr/tests/test_slowest.py" line="29" name="test_format_times_all_zero" time="0.0004534721374511719"></testcase><testcase classname="stestr.tests.test_slowest.TestSlowest" file="stestr/tests/test_slowest.py" line="23" name="test_format_times_with_zero" time="0.0004684925079345703"></testcase><testcase classname="stestr.tests.test_subunit_trace.TestSubunitTrace" file="stestr/tests/test_subunit_trace.py" line="42" name="test_get_durating_1" time="0.0005242824554443359"></testcase><testcase classname="stestr.tests.test_subunit_trace.TestSubunitTrace" file="stestr/tests/test_subunit_trace.py" line="42" name="test_get_durating_2" time="0.00045680999755859375"></testcase><testcase classname="stestr.tests.test_subunit_trace.TestSubunitTrace" file="stestr/tests/test_subunit_trace.py" line="42" name="test_get_durating_3" time="0.0004525184631347656"></testcase><testcase classname="stestr.tests.test_subunit_trace.TestSubunitTrace" file="stestr/tests/test_subunit_trace.py" line="56" name="test_run_time_1" time="0.0004744529724121094"></testcase><testcase classname="stestr.tests.test_subunit_trace.TestSubunitTrace" file="stestr/tests/test_subunit_trace.py" line="56" name="test_run_time_2" time="0.0004894733428955078"></testcase><testcase classname="stestr.tests.test_subunit_trace.TestSubunitTrace" file="stestr/tests/test_subunit_trace.py" line="56" name="test_run_time_3" time="0.000461578369140625"></testcase><testcase classname="stestr.tests.test_subunit_trace.TestSubunitTrace" file="stestr/tests/test_subunit_trace.py" line="75" name="test_trace" time="0.00648045539855957"></testcase><testcase classname="stestr.tests.test_subunit_trace.TestSubunitTrace" file="stestr/tests/test_subunit_trace.py" line="87" name="test_trace_with_all_skips" time="0.0018906593322753906"></testcase><testcase classname="stestr.tests.test_subunit_trace.TestSubunitTrace" file="stestr/tests/test_subunit_trace.py" line="99" name="test_trace_with_failures" time="0.01170039176940918"></testcase><testcase classname="stestr.tests.test_test_processor.TestTestProcessorFixture" file="stestr/tests/test_test_processor.py" line="44" name="test_start_process_linux" time="0.0011563301086425781"></testcase><testcase classname="stestr.tests.test_test_processor.TestTestProcessorFixture" file="stestr/tests/test_test_processor.py" line="41" name="test_start_process_win32" time="0.00096893310546875"></testcase><testcase classname="stestr.tests.test_user_config.TestUserConfig" file="stestr/tests/test_user_config.py" line="85" name="test_get_default_user_config_file" time="0.0009505748748779297"></testcase><testcase classname="stestr.tests.test_user_config.TestUserConfig" file="stestr/tests/test_user_config.py" line="65" name="test_get_user_config_invalid_path" time="0.0010914802551269531"></testcase><testcase classname="stestr.tests.test_user_config.TestUserConfig" file="stestr/tests/test_user_config.py" line="71" name="test_get_user_config_xdg_file" time="0.0009899139404296875"></testcase><testcase classname="stestr.tests.test_user_config.TestUserConfig" file="stestr/tests/test_user_config.py" line="99" name="test_user_config_empty_schema" time="0.0018415451049804688"></testcase><testcase classname="stestr.tests.test_user_config.TestUserConfig" file="stestr/tests/test_user_config.py" line="141" name="test_user_config_full_config" time="0.0033478736877441406"></testcase><testcase classname="stestr.tests.test_user_config.TestUserConfig" file="stestr/tests/test_user_config.py" line="108" name="test_user_config_invalid_command" time="0.0015788078308105469"></testcase><testcase classname="stestr.tests.test_user_config.TestUserConfig" file="stestr/tests/test_user_config.py" line="185" name="test_user_config_invalid_integer" time="0.0023965835571289062"></testcase><testcase classname="stestr.tests.test_user_config.TestUserConfig" file="stestr/tests/test_user_config.py" line="124" name="test_user_config_invalid_option" time="0.0015552043914794922"></testcase><testcase classname="stestr.tests.test_user_config.TestUserConfig" file="stestr/tests/test_user_config.py" line="169" name="test_user_config_invalid_value_type" time="0.0016393661499023438"></testcase><testcase classname="stestr.tests.test_user_config_return_codes.TestReturnCodes" file="stestr/tests/test_user_config_return_codes.py" line="203" name="test_abbreviate_config_file_failing" time="0.7828965187072754"></testcase><testcase classname="stestr.tests.test_user_config_return_codes.TestReturnCodes" file="stestr/tests/test_user_config_return_codes.py" line="182" name="test_abbreviate_config_file_passing" time="1.0260140895843506"></testcase><testcase classname="stestr.tests.test_user_config_return_codes.TestReturnCodes" file="stestr/tests/test_user_config_return_codes.py" line="409" name="test_abbreviate_load_from_config_failing" time="0.00044345855712890625"><skipped message="Abbreviated output not displaying" type="pytest.skip">stestr/tests/test_user_config_return_codes.py:409: &lt;py._xmlgen.raw object at 0x7fb58355f9e8&gt;</skipped></testcase><testcase classname="stestr.tests.test_user_config_return_codes.TestReturnCodes" file="stestr/tests/test_user_config_return_codes.py" line="374" name="test_abbreviate_load_from_config_passing" time="0.0003685951232910156"><skipped message="Abbreviated output not displaying" type="pytest.skip">stestr/tests/test_user_config_return_codes.py:374: &lt;py._xmlgen.raw object at 0x7fb5835053c8&gt;</skipped></testcase><testcase classname="stestr.tests.test_user_config_return_codes.TestReturnCodes" file="stestr/tests/test_user_config_return_codes.py" line="104" name="test_empty_config_file_failing" time="1.0273704528808594"></testcase><testcase classname="stestr.tests.test_user_config_return_codes.TestReturnCodes" file="stestr/tests/test_user_config_return_codes.py" line="112" name="test_empty_config_file_passing" time="1.0217914581298828"></testcase><testcase classname="stestr.tests.test_user_config_return_codes.TestReturnCodes" file="stestr/tests/test_user_config_return_codes.py" line="248" name="test_failing_list_config_file" time="1.2987053394317627"></testcase><testcase classname="stestr.tests.test_user_config_return_codes.TestReturnCodes" file="stestr/tests/test_user_config_return_codes.py" line="141" name="test_no_subunit_trace_config_file_failing" time="1.0244512557983398"></testcase><testcase classname="stestr.tests.test_user_config_return_codes.TestReturnCodes" file="stestr/tests/test_user_config_return_codes.py" line="161" name="test_no_subunit_trace_config_file_force_subunit_trace" time="1.0708568096160889"></testcase><testcase classname="stestr.tests.test_user_config_return_codes.TestReturnCodes" file="stestr/tests/test_user_config_return_codes.py" line="120" name="test_no_subunit_trace_config_file_passing" time="1.0204391479492188"></testcase><testcase classname="stestr.tests.test_user_config_return_codes.TestReturnCodes" file="stestr/tests/test_user_config_return_codes.py" line="273" name="test_no_subunit_trace_last_config_file_passing" time="1.3330769538879395"></testcase><testcase classname="stestr.tests.test_user_config_return_codes.TestReturnCodes" file="stestr/tests/test_user_config_return_codes.py" line="226" name="test_no_subunit_trace_slowest_config_file_passing" time="0.9995589256286621"></testcase><testcase classname="stestr.tests.test_user_config_return_codes.TestReturnCodes" file="stestr/tests/test_user_config_return_codes.py" line="340" name="test_subunit_trace_load_from_config_failing" time="1.654951572418213"></testcase><testcase classname="stestr.tests.test_user_config_return_codes.TestReturnCodes" file="stestr/tests/test_user_config_return_codes.py" line="307" name="test_subunit_trace_load_from_config_passing" time="1.6070537567138672"></testcase><testcase classname="stestr.tests.test_utils.TestUtils" file="stestr/tests/test_utils.py" line="17" name="test_cleanup_test_name_defaults" time="0.0007083415985107422"></testcase><testcase classname="stestr.tests.test_utils.TestUtils" file="stestr/tests/test_utils.py" line="33" name="test_cleanup_test_name_leave_attrs" time="0.0004572868347167969"></testcase><testcase classname="stestr.tests.test_utils.TestUtils" file="stestr/tests/test_utils.py" line="73" name="test_cleanup_test_name_strip_scenario" time="0.0004696846008300781"></testcase><testcase classname="stestr.tests.test_utils.TestUtils" file="stestr/tests/test_utils.py" line="53" name="test_cleanup_test_name_strip_scenario_and_attrs" time="0.00047659873962402344"></testcase><testcase classname="stestr.tests.repository.test_file.TestFileRepository" file="stestr/tests/repository/test_file.py" line="110" name="test_get_test_run_unexpected_ioerror_errno" time="0.0017557144165039062"></testcase><testcase classname="stestr.tests.repository.test_file.TestFileRepository" file="stestr/tests/repository/test_file.py" line="60" name="test_initialise" time="0.0009434223175048828"></testcase><testcase classname="stestr.tests.repository.test_file.TestFileRepository" file="stestr/tests/repository/test_file.py" line="73" name="test_initialise_expands_user_directory" time="0.0008473396301269531"></testcase><testcase classname="stestr.tests.repository.test_file.TestFileRepository" file="stestr/tests/repository/test_file.py" line="79" name="test_inserter_output_path" time="0.0012433528900146484"></testcase><testcase classname="stestr.tests.repository.test_file.TestFileRepository" file="stestr/tests/repository/test_file.py" line="86" name="test_inserting_creates_id" time="0.001224517822265625"></testcase><testcase classname="stestr.tests.repository.test_file.TestFileRepository" file="stestr/tests/repository/test_file.py" line="102" name="test_next_stream_corruption_error" time="0.0007617473602294922"></testcase><testcase classname="stestr.tests.repository.test_file.TestFileRepository" file="stestr/tests/repository/test_file.py" line="95" name="test_open_expands_user_directory" time="0.0008983612060546875"></testcase><testcase classname="stestr.tests.repository.test_sql.TestSqlRepository" file="stestr/tests/repository/test_sql.py" line="51" name="test_get_failing" time="0.5654964447021484"></testcase><testcase classname="stestr.tests.repository.test_sql.TestSqlRepository" file="stestr/tests/repository/test_sql.py" line="48" name="test_initialise" time="0.5257291793823242"></testcase><testcase classname="stestr.tests.repository.test_sql.TestSqlRepository" file="stestr/tests/repository/test_sql.py" line="60" name="test_inserter_output_path" time="0.5422956943511963"></testcase><testcase classname="stestr.tests.repository.test_sql.TestSqlRepository" file="stestr/tests/repository/test_sql.py" line="70" name="test_run_get_subunit_stream" time="0.5358932018280029"></testcase><testcase classname="stestr.tests.repository.test_util.TestUtil" file="stestr/tests/repository/test_util.py" line="38" name="test_get_default_url_file" time="0.0007076263427734375"></testcase><testcase classname="stestr.tests.repository.test_util.TestUtil" file="stestr/tests/repository/test_util.py" line="42" name="test_get_default_url_invalid_type" time="0.0006070137023925781"></testcase><testcase classname="stestr.tests.repository.test_util.TestUtil" file="stestr/tests/repository/test_util.py" line="32" name="test_get_default_url_sql" time="0.0005316734313964844"></testcase><testcase classname="stestr.tests.repository.test_util.TestUtil" file="stestr/tests/repository/test_util.py" line="50" name="test_non_sql_get_repo_init_no_deps_import_error" time="0.0010132789611816406"></testcase><testcase classname="stestr.tests.repository.test_util.TestUtil" file="stestr/tests/repository/test_util.py" line="58" name="test_non_sql_get_repo_open_no_deps_import_error" time="0.0007331371307373047"></testcase><testcase classname="stestr.tests.repository.test_util.TestUtil" file="stestr/tests/repository/test_util.py" line="46" name="test_sql_get_repo_init_no_deps" time="0.0008847713470458984"></testcase><testcase classname="stestr.tests.repository.test_util.TestUtil" file="stestr/tests/repository/test_util.py" line="54" name="test_sql_get_repo_open_no_deps" time="0.0007395744323730469"></testcase></testsuite>