<?xml version="1.0" encoding="utf-8"?>
<test-run id="2" name="GVFS.UnitTests.dll" fullname="D:/a/1/BuildOutput/GVFS.UnitTests/bin/x64/release/netcoreapp2.1/GVFS.UnitTests.dll" testcasecount="570" result="Passed" start-time="2019-11-11 20:29:15Z" end-time="2019-11-11 20:29:29Z" duration="14.030791" total="566" passed="566" failed="0" inconclusive="0" skipped="0" asserts="5570" random-seed="774096602">
  <command-line><![CDATA[D:\a\1\BuildOutput\GVFS.UnitTests\bin\x64\release\netcoreapp2.1\GVFS.UnitTests.dll]]></command-line>
  <filter>
    <not>
      <cat>CaseSensitiveFileSystemOnly</cat>
    </not>
  </filter>
  <test-suite type="Assembly" id="2180" name="GVFS.UnitTests.dll" fullname="D:/a/1/BuildOutput/GVFS.UnitTests/bin/x64/release/netcoreapp2.1/GVFS.UnitTests.dll" runstate="Runnable" testcasecount="570" result="Passed" start-time="2019-11-11 20:29:15Z" end-time="2019-11-11 20:29:29Z" duration="14.030791" total="566" passed="566" failed="0" warnings="0" inconclusive="0" skipped="0" asserts="5570">
    <environment framework-version="3.12.0.0" clr-version="4.0.30319.42000" os-version="Microsoft Windows 10.0.14393 " platform="Win32NT" cwd="D:\a\1\s" machine-name="fv-az639" user="VssAdministrator" user-domain="fv-az639" culture="en-US" uiculture="en-US" os-architecture="x64" />
    <settings>
      <setting name="WorkDirectory" value="D:\a\1\s" />
      <setting name="NumberOfTestWorkers" value="2" />
    </settings>
    <properties>
      <property name="_PID" value="672" />
      <property name="_APPDOMAIN" value="GVFS.UnitTests" />
    </properties>
    <test-suite type="TestSuite" id="2181" name="GVFS" fullname="GVFS" runstate="Runnable" testcasecount="570" result="Passed" start-time="2019-11-11 20:29:15Z" end-time="2019-11-11 20:29:29Z" duration="14.021373" total="566" passed="566" failed="0" warnings="0" inconclusive="0" skipped="0" asserts="5570">
      <properties />
      <test-suite type="SetUpFixture" id="1000" name="UnitTests" fullname="GVFS.UnitTests.Setup" classname="GVFS.UnitTests.Setup" runstate="Runnable" testcasecount="570" result="Passed" start-time="2019-11-11 20:29:15Z" end-time="2019-11-11 20:29:29Z" duration="14.005089" total="566" passed="566" failed="0" warnings="0" inconclusive="0" skipped="0" asserts="5570">
        <properties />
        <test-suite type="TestSuite" id="2198" name="CommandLine" fullname="GVFS.UnitTests.CommandLine" runstate="Runnable" testcasecount="5" result="Passed" start-time="2019-11-11 20:29:15Z" end-time="2019-11-11 20:29:15Z" duration="0.157602" total="5" passed="5" failed="0" warnings="0" inconclusive="0" skipped="0" asserts="14">
          <properties />
          <test-suite type="TestFixture" id="2169" name="HooksInstallerTests" fullname="GVFS.UnitTests.CommandLine.HooksInstallerTests" classname="GVFS.UnitTests.CommandLine.HooksInstallerTests" runstate="Runnable" testcasecount="5" result="Passed" start-time="2019-11-11 20:29:15Z" end-time="2019-11-11 20:29:15Z" duration="0.157239" total="5" passed="5" failed="0" warnings="0" inconclusive="0" skipped="0" asserts="14">
            <properties />
            <test-suite type="ParameterizedMethod" id="2179" name="MergeHooksDataDiscardBlankLines" fullname="GVFS.UnitTests.CommandLine.HooksInstallerTests.MergeHooksDataDiscardBlankLines" classname="GVFS.UnitTests.CommandLine.HooksInstallerTests" runstate="Runnable" testcasecount="1" result="Passed" start-time="2019-11-11 20:29:15Z" end-time="2019-11-11 20:29:15Z" duration="0.034275" total="1" passed="1" failed="0" warnings="0" inconclusive="0" skipped="0" asserts="4">
              <properties />
              <test-case id="2178" name="MergeHooksDataDiscardBlankLines()" fullname="GVFS.UnitTests.CommandLine.HooksInstallerTests.MergeHooksDataDiscardBlankLines()" methodname="MergeHooksDataDiscardBlankLines" classname="GVFS.UnitTests.CommandLine.HooksInstallerTests" runstate="Runnable" seed="804040960" result="Passed" start-time="2019-11-11 20:29:15Z" end-time="2019-11-11 20:29:15Z" duration="0.028226" asserts="4">
                <properties />
              </test-case>
            </test-suite>
            <test-suite type="ParameterizedMethod" id="2173" name="MergeHooksDataEmptyConfig" fullname="GVFS.UnitTests.CommandLine.HooksInstallerTests.MergeHooksDataEmptyConfig" classname="GVFS.UnitTests.CommandLine.HooksInstallerTests" runstate="Runnable" testcasecount="1" result="Passed" start-time="2019-11-11 20:29:15Z" end-time="2019-11-11 20:29:15Z" duration="0.011830" total="1" passed="1" failed="0" warnings="0" inconclusive="0" skipped="0" asserts="1">
              <properties />
              <test-case id="2172" name="MergeHooksDataEmptyConfig()" fullname="GVFS.UnitTests.CommandLine.HooksInstallerTests.MergeHooksDataEmptyConfig()" methodname="MergeHooksDataEmptyConfig" classname="GVFS.UnitTests.CommandLine.HooksInstallerTests" runstate="Runnable" seed="2006465287" result="Passed" start-time="2019-11-11 20:29:15Z" end-time="2019-11-11 20:29:15Z" duration="0.011717" asserts="1">
                <properties />
              </test-case>
            </test-suite>
            <test-suite type="ParameterizedMethod" id="2177" name="MergeHooksDataPostCommandFirst" fullname="GVFS.UnitTests.CommandLine.HooksInstallerTests.MergeHooksDataPostCommandFirst" classname="GVFS.UnitTests.CommandLine.HooksInstallerTests" runstate="Runnable" testcasecount="1" result="Passed" start-time="2019-11-11 20:29:15Z" end-time="2019-11-11 20:29:15Z" duration="0.000939" total="1" passed="1" failed="0" warnings="0" inconclusive="0" skipped="0" asserts="4">
              <properties />
              <test-case id="2176" name="MergeHooksDataPostCommandFirst()" fullname="GVFS.UnitTests.CommandLine.HooksInstallerTests.MergeHooksDataPostCommandFirst()" methodname="MergeHooksDataPostCommandFirst" classname="GVFS.UnitTests.CommandLine.HooksInstallerTests" runstate="Runnable" seed="8825106" result="Passed" start-time="2019-11-11 20:29:15Z" end-time="2019-11-11 20:29:15Z" duration="0.000907" asserts="4">
                <properties />
              </test-case>
            </test-suite>
            <test-suite type="ParameterizedMethod" id="2175" name="MergeHooksDataPreCommandLast" fullname="GVFS.UnitTests.CommandLine.HooksInstallerTests.MergeHooksDataPreCommandLast" classname="GVFS.UnitTests.CommandLine.HooksInstallerTests" runstate="Runnable" testcasecount="1" result="Passed" start-time="2019-11-11 20:29:15Z" end-time="2019-11-11 20:29:15Z" duration="0.000956" total="1" passed="1" failed="0" warnings="0" inconclusive="0" skipped="0" asserts="4">
              <properties />
              <test-case id="2174" name="MergeHooksDataPreCommandLast()" fullname="GVFS.UnitTests.CommandLine.HooksInstallerTests.MergeHooksDataPreCommandLast()" methodname="MergeHooksDataPreCommandLast" classname="GVFS.UnitTests.CommandLine.HooksInstallerTests" runstate="Runnable" seed="2089066521" result="Passed" start-time="2019-11-11 20:29:15Z" end-time="2019-11-11 20:29:15Z" duration="0.000928" asserts="4">
                <properties />
              </test-case>
            </test-suite>
            <test-suite type="ParameterizedMethod" id="2171" name="MergeHooksDataThrowsOnFoundGVFSHooks" fullname="GVFS.UnitTests.CommandLine.HooksInstallerTests.MergeHooksDataThrowsOnFoundGVFSHooks" classname="GVFS.UnitTests.CommandLine.HooksInstallerTests" runstate="Runnable" testcasecount="1" result="Passed" start-time="2019-11-11 20:29:15Z" end-time="2019-11-11 20:29:15Z" duration="0.107314" total="1" passed="1" failed="0" warnings="0" inconclusive="0" skipped="0" asserts="1">
              <properties>
                <property name="Category" value="ExceptionExpected" />
              </properties>
              <test-case id="2170" name="MergeHooksDataThrowsOnFoundGVFSHooks()" fullname="GVFS.UnitTests.CommandLine.HooksInstallerTests.MergeHooksDataThrowsOnFoundGVFSHooks()" methodname="MergeHooksDataThrowsOnFoundGVFSHooks" classname="GVFS.UnitTests.CommandLine.HooksInstallerTests" runstate="Runnable" seed="1652268744" result="Passed" start-time="2019-11-11 20:29:15Z" end-time="2019-11-11 20:29:15Z" duration="0.107281" asserts="1">
                <properties />
              </test-case>
            </test-suite>
          </test-suite>
        </test-suite>
        <test-suite type="TestSuite" id="2194" name="Common" fullname="GVFS.UnitTests.Common" runstate="Runnable" testcasecount="299" result="Passed" start-time="2019-11-11 20:29:15Z" end-time="2019-11-11 20:29:24Z" duration="9.563283" total="299" passed="299" failed="0" warnings="0" inconclusive="0" skipped="0" asserts="1882">
          <properties />
          <test-suite type="TestFixture" id="1583" name="CacheServerResolverTests" fullname="GVFS.UnitTests.Common.CacheServerResolverTests" classname="GVFS.UnitTests.Common.CacheServerResolverTests" runstate="Runnable" testcasecount="13" result="Passed" start-time="2019-11-11 20:29:15Z" end-time="2019-11-11 20:29:16Z" duration="1.108275" total="13" passed="13" failed="0" warnings="0" inconclusive="0" skipped="0" asserts="72">
            <properties />
            <test-suite type="ParameterizedMethod" id="1585" name="CanGetCacheServerFromNewConfig" fullname="GVFS.UnitTests.Common.CacheServerResolverTests.CanGetCacheServerFromNewConfig" classname="GVFS.UnitTests.Common.CacheServerResolverTests" runstate="Runnable" testcasecount="1" result="Passed" start-time="2019-11-11 20:29:15Z" end-time="2019-11-11 20:29:15Z" duration="0.079329" total="1" passed="1" failed="0" warnings="0" inconclusive="0" skipped="0" asserts="4">
              <properties />
              <test-case id="1584" name="CanGetCacheServerFromNewConfig()" fullname="GVFS.UnitTests.Common.CacheServerResolverTests.CanGetCacheServerFromNewConfig()" methodname="CanGetCacheServerFromNewConfig" classname="GVFS.UnitTests.Common.CacheServerResolverTests" runstate="Runnable" seed="1717318477" result="Passed" start-time="2019-11-11 20:29:15Z" end-time="2019-11-11 20:29:15Z" duration="0.079296" asserts="4">
                <properties />
              </test-case>
            </test-suite>
            <test-suite type="ParameterizedMethod" id="1587" name="CanGetCacheServerFromOldConfig" fullname="GVFS.UnitTests.Common.CacheServerResolverTests.CanGetCacheServerFromOldConfig" classname="GVFS.UnitTests.Common.CacheServerResolverTests" runstate="Runnable" testcasecount="1" result="Passed" start-time="2019-11-11 20:29:15Z" end-time="2019-11-11 20:29:15Z" duration="0.004308" total="1" passed="1" failed="0" warnings="0" inconclusive="0" skipped="0" asserts="6">
              <properties />
              <test-case id="1586" name="CanGetCacheServerFromOldConfig()" fullname="GVFS.UnitTests.Common.CacheServerResolverTests.CanGetCacheServerFromOldConfig()" methodname="CanGetCacheServerFromOldConfig" classname="GVFS.UnitTests.Common.CacheServerResolverTests" runstate="Runnable" seed="1628791424" result="Passed" start-time="2019-11-11 20:29:15Z" end-time="2019-11-11 20:29:15Z" duration="0.004232" asserts="6">
                <properties />
              </test-case>
            </test-suite>
            <test-suite type="ParameterizedMethod" id="1589" name="CanGetCacheServerWithNoConfig" fullname="GVFS.UnitTests.Common.CacheServerResolverTests.CanGetCacheServerWithNoConfig" classname="GVFS.UnitTests.Common.CacheServerResolverTests" runstate="Runnable" testcasecount="1" result="Passed" start-time="2019-11-11 20:29:15Z" end-time="2019-11-11 20:29:15Z" duration="0.002673" total="1" passed="1" failed="0" warnings="0" inconclusive="0" skipped="0" asserts="7">
              <properties />
              <test-case id="1588" name="CanGetCacheServerWithNoConfig()" fullname="GVFS.UnitTests.Common.CacheServerResolverTests.CanGetCacheServerWithNoConfig()" methodname="CanGetCacheServerWithNoConfig" classname="GVFS.UnitTests.Common.CacheServerResolverTests" runstate="Runnable" seed="672219951" result="Passed" start-time="2019-11-11 20:29:15Z" end-time="2019-11-11 20:29:15Z" duration="0.002637" asserts="7">
                <properties />
              </test-case>
            </test-suite>
            <test-suite type="ParameterizedMethod" id="1603" name="CanParseAndResolveDefault" fullname="GVFS.UnitTests.Common.CacheServerResolverTests.CanParseAndResolveDefault" classname="GVFS.UnitTests.Common.CacheServerResolverTests" runstate="Runnable" testcasecount="1" result="Passed" start-time="2019-11-11 20:29:15Z" end-time="2019-11-11 20:29:15Z" duration="0.027778" total="1" passed="1" failed="0" warnings="0" inconclusive="0" skipped="0" asserts="4">
              <properties />
              <test-case id="1602" name="CanParseAndResolveDefault()" fullname="GVFS.UnitTests.Common.CacheServerResolverTests.CanParseAndResolveDefault()" methodname="CanParseAndResolveDefault" classname="GVFS.UnitTests.Common.CacheServerResolverTests" runstate="Runnable" seed="948585525" result="Passed" start-time="2019-11-11 20:29:15Z" end-time="2019-11-11 20:29:15Z" duration="0.027724" asserts="4">
                <properties />
              </test-case>
            </test-suite>
            <test-suite type="ParameterizedMethod" id="1607" name="CanParseAndResolveDefaultWhenServerAdvertisesNullListOfCacheServers" fullname="GVFS.UnitTests.Common.CacheServerResolverTests.CanParseAndResolveDefaultWhenServerAdvertisesNullListOfCacheServers" classname="GVFS.UnitTests.Common.CacheServerResolverTests" runstate="Runnable" testcasecount="1" result="Passed" start-time="2019-11-11 20:29:15Z" end-time="2019-11-11 20:29:16Z" duration="0.974421" total="1" passed="1" failed="0" warnings="0" inconclusive="0" skipped="0" asserts="3">
              <properties />
              <test-case id="1606" name="CanParseAndResolveDefaultWhenServerAdvertisesNullListOfCacheServers()" fullname="GVFS.UnitTests.Common.CacheServerResolverTests.CanParseAndResolveDefaultWhenServerAdvertisesNullListOfCacheServers()" methodname="CanParseAndResolveDefaultWhenServerAdvertisesNullListOfCacheServers" classname="GVFS.UnitTests.Common.CacheServerResolverTests" runstate="Runnable" seed="348040715" result="Passed" start-time="2019-11-11 20:29:15Z" end-time="2019-11-11 20:29:16Z" duration="0.974373" asserts="3">
                <properties />
              </test-case>
            </test-suite>
            <test-suite type="ParameterizedMethod" id="1605" name="CanParseAndResolveNoCacheServer" fullname="GVFS.UnitTests.Common.CacheServerResolverTests.CanParseAndResolveNoCacheServer" classname="GVFS.UnitTests.Common.CacheServerResolverTests" runstate="Runnable" testcasecount="1" result="Passed" start-time="2019-11-11 20:29:16Z" end-time="2019-11-11 20:29:16Z" duration="0.003080" total="1" passed="1" failed="0" warnings="0" inconclusive="0" skipped="0" asserts="21">
              <properties />
              <test-case id="1604" name="CanParseAndResolveNoCacheServer()" fullname="GVFS.UnitTests.Common.CacheServerResolverTests.CanParseAndResolveNoCacheServer()" methodname="CanParseAndResolveNoCacheServer" classname="GVFS.UnitTests.Common.CacheServerResolverTests" runstate="Runnable" seed="1344147031" result="Passed" start-time="2019-11-11 20:29:16Z" end-time="2019-11-11 20:29:16Z" duration="0.003036" asserts="21">
                <properties />
              </test-case>
            </test-suite>
            <test-suite type="ParameterizedMethod" id="1609" name="CanParseAndResolveOtherWhenServerAdvertisesNullListOfCacheServers" fullname="GVFS.UnitTests.Common.CacheServerResolverTests.CanParseAndResolveOtherWhenServerAdvertisesNullListOfCacheServers" classname="GVFS.UnitTests.Common.CacheServerResolverTests" runstate="Runnable" testcasecount="1" result="Passed" start-time="2019-11-11 20:29:16Z" end-time="2019-11-11 20:29:16Z" duration="0.002181" total="1" passed="1" failed="0" warnings="0" inconclusive="0" skipped="0" asserts="3">
              <properties />
              <test-case id="1608" name="CanParseAndResolveOtherWhenServerAdvertisesNullListOfCacheServers()" fullname="GVFS.UnitTests.Common.CacheServerResolverTests.CanParseAndResolveOtherWhenServerAdvertisesNullListOfCacheServers()" methodname="CanParseAndResolveOtherWhenServerAdvertisesNullListOfCacheServers" classname="GVFS.UnitTests.Common.CacheServerResolverTests" runstate="Runnable" seed="1700172350" result="Passed" start-time="2019-11-11 20:29:16Z" end-time="2019-11-11 20:29:16Z" duration="0.002140" asserts="3">
                <properties />
              </test-case>
            </test-suite>
            <test-suite type="ParameterizedMethod" id="1601" name="CanParseName" fullname="GVFS.UnitTests.Common.CacheServerResolverTests.CanParseName" classname="GVFS.UnitTests.Common.CacheServerResolverTests" runstate="Runnable" testcasecount="1" result="Passed" start-time="2019-11-11 20:29:16Z" end-time="2019-11-11 20:29:16Z" duration="0.002334" total="1" passed="1" failed="0" warnings="0" inconclusive="0" skipped="0" asserts="2">
              <properties />
              <test-case id="1600" name="CanParseName()" fullname="GVFS.UnitTests.Common.CacheServerResolverTests.CanParseName()" methodname="CanParseName" classname="GVFS.UnitTests.Common.CacheServerResolverTests" runstate="Runnable" seed="1423870688" result="Passed" start-time="2019-11-11 20:29:16Z" end-time="2019-11-11 20:29:16Z" duration="0.002308" asserts="2">
                <properties />
              </test-case>
            </test-suite>
            <test-suite type="ParameterizedMethod" id="1599" name="CanParseUrl" fullname="GVFS.UnitTests.Common.CacheServerResolverTests.CanParseUrl" classname="GVFS.UnitTests.Common.CacheServerResolverTests" runstate="Runnable" testcasecount="1" result="Passed" start-time="2019-11-11 20:29:16Z" end-time="2019-11-11 20:29:16Z" duration="0.002459" total="1" passed="1" failed="0" warnings="0" inconclusive="0" skipped="0" asserts="2">
              <properties />
              <test-case id="1598" name="CanParseUrl()" fullname="GVFS.UnitTests.Common.CacheServerResolverTests.CanParseUrl()" methodname="CanParseUrl" classname="GVFS.UnitTests.Common.CacheServerResolverTests" runstate="Runnable" seed="703013639" result="Passed" start-time="2019-11-11 20:29:16Z" end-time="2019-11-11 20:29:16Z" duration="0.002428" asserts="2">
                <properties />
              </test-case>
            </test-suite>
            <test-suite type="ParameterizedMethod" id="1595" name="CanResolveNameFromCustomUrl" fullname="GVFS.UnitTests.Common.CacheServerResolverTests.CanResolveNameFromCustomUrl" classname="GVFS.UnitTests.Common.CacheServerResolverTests" runstate="Runnable" testcasecount="1" result="Passed" start-time="2019-11-11 20:29:16Z" end-time="2019-11-11 20:29:16Z" duration="0.002726" total="1" passed="1" failed="0" warnings="0" inconclusive="0" skipped="0" asserts="2">
              <properties />
              <test-case id="1594" name="CanResolveNameFromCustomUrl()" fullname="GVFS.UnitTests.Common.CacheServerResolverTests.CanResolveNameFromCustomUrl()" methodname="CanResolveNameFromCustomUrl" classname="GVFS.UnitTests.Common.CacheServerResolverTests" runstate="Runnable" seed="652965357" result="Passed" start-time="2019-11-11 20:29:16Z" end-time="2019-11-11 20:29:16Z" duration="0.002645" asserts="2">
                <properties />
              </test-case>
            </test-suite>
            <test-suite type="ParameterizedMethod" id="1593" name="CanResolveNameFromKnownUrl" fullname="GVFS.UnitTests.Common.CacheServerResolverTests.CanResolveNameFromKnownUrl" classname="GVFS.UnitTests.Common.CacheServerResolverTests" runstate="Runnable" testcasecount="1" result="Passed" start-time="2019-11-11 20:29:16Z" end-time="2019-11-11 20:29:16Z" duration="0.002024" total="1" passed="1" failed="0" warnings="0" inconclusive="0" skipped="0" asserts="2">
              <properties />
              <test-case id="1592" name="CanResolveNameFromKnownUrl()" fullname="GVFS.UnitTests.Common.CacheServerResolverTests.CanResolveNameFromKnownUrl()" methodname="CanResolveNameFromKnownUrl" classname="GVFS.UnitTests.Common.CacheServerResolverTests" runstate="Runnable" seed="882827331" result="Passed" start-time="2019-11-11 20:29:16Z" end-time="2019-11-11 20:29:16Z" duration="0.001987" asserts="2">
                <properties />
              </test-case>
            </test-suite>
            <test-suite type="ParameterizedMethod" id="1597" name="CanResolveUrlAsRepoUrl" fullname="GVFS.UnitTests.Common.CacheServerResolverTests.CanResolveUrlAsRepoUrl" classname="GVFS.UnitTests.Common.CacheServerResolverTests" runstate="Runnable" testcasecount="1" result="Passed" start-time="2019-11-11 20:29:16Z" end-time="2019-11-11 20:29:16Z" duration="0.002438" total="1" passed="1" failed="0" warnings="0" inconclusive="0" skipped="0" asserts="14">
              <properties />
              <test-case id="1596" name="CanResolveUrlAsRepoUrl()" fullname="GVFS.UnitTests.Common.CacheServerResolverTests.CanResolveUrlAsRepoUrl()" methodname="CanResolveUrlAsRepoUrl" classname="GVFS.UnitTests.Common.CacheServerResolverTests" runstate="Runnable" seed="2066372667" result="Passed" start-time="2019-11-11 20:29:16Z" end-time="2019-11-11 20:29:16Z" duration="0.002407" asserts="14">
                <properties />
              </test-case>
            </test-suite>
            <test-suite type="ParameterizedMethod" id="1591" name="CanResolveUrlForKnownName" fullname="GVFS.UnitTests.Common.CacheServerResolverTests.CanResolveUrlForKnownName" classname="GVFS.UnitTests.Common.CacheServerResolverTests" runstate="Runnable" testcasecount="1" result="Passed" start-time="2019-11-11 20:29:16Z" end-time="2019-11-11 20:29:16Z" duration="0.002320" total="1" passed="1" failed="0" warnings="0" inconclusive="0" skipped="0" asserts="2">
              <properties />
              <test-case id="1590" name="CanResolveUrlForKnownName()" fullname="GVFS.UnitTests.Common.CacheServerResolverTests.CanResolveUrlForKnownName()" methodname="CanResolveUrlForKnownName" classname="GVFS.UnitTests.Common.CacheServerResolverTests" runstate="Runnable" seed="984911917" result="Passed" start-time="2019-11-11 20:29:16Z" end-time="2019-11-11 20:29:16Z" duration="0.002277" asserts="2">
                <properties />
              </test-case>
            </test-suite>
          </test-suite>
          <test-suite type="TestSuite" id="2197" name="Database" fullname="GVFS.UnitTests.Common.Database" runstate="Runnable" testcasecount="49" result="Passed" start-time="2019-11-11 20:29:15Z" end-time="2019-11-11 20:29:18Z" duration="2.936119" total="49" passed="49" failed="0" warnings="0" inconclusive="0" skipped="0" asserts="111">
            <properties />
            <test-suite type="TestFixture" id="2068" name="GVFSDatabaseTests" fullname="GVFS.UnitTests.Common.Database.GVFSDatabaseTests" classname="GVFS.UnitTests.Common.Database.GVFSDatabaseTests" runstate="Runnable" testcasecount="5" result="Passed" start-time="2019-11-11 20:29:16Z" end-time="2019-11-11 20:29:17Z" duration="0.682005" total="5" passed="5" failed="0" warnings="0" inconclusive="0" skipped="0" asserts="5">
              <properties />
              <test-suite type="ParameterizedMethod" id="2070" name="ConstructorTest" fullname="GVFS.UnitTests.Common.Database.GVFSDatabaseTests.ConstructorTest" classname="GVFS.UnitTests.Common.Database.GVFSDatabaseTests" runstate="Runnable" testcasecount="1" result="Passed" start-time="2019-11-11 20:29:16Z" end-time="2019-11-11 20:29:17Z" duration="0.617796" total="1" passed="1" failed="0" warnings="0" inconclusive="0" skipped="0" asserts="0">
                <properties />
                <test-case id="2069" name="ConstructorTest()" fullname="GVFS.UnitTests.Common.Database.GVFSDatabaseTests.ConstructorTest()" methodname="ConstructorTest" classname="GVFS.UnitTests.Common.Database.GVFSDatabaseTests" runstate="Runnable" seed="1759455257" result="Passed" start-time="2019-11-11 20:29:16Z" end-time="2019-11-11 20:29:17Z" duration="0.617752" asserts="0">
                  <properties />
                </test-case>
              </test-suite>
              <test-suite type="ParameterizedMethod" id="2072" name="ConstructorThrowsGVFSDatabaseException" fullname="GVFS.UnitTests.Common.Database.GVFSDatabaseTests.ConstructorThrowsGVFSDatabaseException" classname="GVFS.UnitTests.Common.Database.GVFSDatabaseTests" runstate="Runnable" testcasecount="1" result="Passed" start-time="2019-11-11 20:29:17Z" end-time="2019-11-11 20:29:17Z" duration="0.002058" total="1" passed="1" failed="0" warnings="0" inconclusive="0" skipped="0" asserts="3">
                <properties>
                  <property name="Category" value="ExceptionExpected" />
                </properties>
                <test-case id="2071" name="ConstructorThrowsGVFSDatabaseException()" fullname="GVFS.UnitTests.Common.Database.GVFSDatabaseTests.ConstructorThrowsGVFSDatabaseException()" methodname="ConstructorThrowsGVFSDatabaseException" classname="GVFS.UnitTests.Common.Database.GVFSDatabaseTests" runstate="Runnable" seed="501367064" result="Passed" start-time="2019-11-11 20:29:17Z" end-time="2019-11-11 20:29:17Z" duration="0.002025" asserts="3">
                  <properties />
                </test-case>
              </test-suite>
              <test-suite type="ParameterizedMethod" id="2074" name="DisposeTest" fullname="GVFS.UnitTests.Common.Database.GVFSDatabaseTests.DisposeTest" classname="GVFS.UnitTests.Common.Database.GVFSDatabaseTests" runstate="Runnable" testcasecount="1" result="Passed" start-time="2019-11-11 20:29:17Z" end-time="2019-11-11 20:29:17Z" duration="0.001655" total="1" passed="1" failed="0" warnings="0" inconclusive="0" skipped="0" asserts="0">
                <properties />
                <test-case id="2073" name="DisposeTest()" fullname="GVFS.UnitTests.Common.Database.GVFSDatabaseTests.DisposeTest()" methodname="DisposeTest" classname="GVFS.UnitTests.Common.Database.GVFSDatabaseTests" runstate="Runnable" seed="1787362532" result="Passed" start-time="2019-11-11 20:29:17Z" end-time="2019-11-11 20:29:17Z" duration="0.001628" asserts="0">
                  <properties />
                </test-case>
              </test-suite>
              <test-suite type="ParameterizedMethod" id="2076" name="GetConnectionAfterDisposeShouldThrowException" fullname="GVFS.UnitTests.Common.Database.GVFSDatabaseTests.GetConnectionAfterDisposeShouldThrowException" classname="GVFS.UnitTests.Common.Database.GVFSDatabaseTests" runstate="Runnable" testcasecount="1" result="Passed" start-time="2019-11-11 20:29:17Z" end-time="2019-11-11 20:29:17Z" duration="0.002335" total="1" passed="1" failed="0" warnings="0" inconclusive="0" skipped="0" asserts="1">
                <properties>
                  <property name="Category" value="ExceptionExpected" />
                </properties>
                <test-case id="2075" name="GetConnectionAfterDisposeShouldThrowException()" fullname="GVFS.UnitTests.Common.Database.GVFSDatabaseTests.GetConnectionAfterDisposeShouldThrowException()" methodname="GetConnectionAfterDisposeShouldThrowException" classname="GVFS.UnitTests.Common.Database.GVFSDatabaseTests" runstate="Runnable" seed="1372703461" result="Passed" start-time="2019-11-11 20:29:17Z" end-time="2019-11-11 20:29:17Z" duration="0.002307" asserts="1">
                  <properties />
                </test-case>
              </test-suite>
              <test-suite type="ParameterizedMethod" id="2078" name="GetConnectionMoreThanInPoolTest" fullname="GVFS.UnitTests.Common.Database.GVFSDatabaseTests.GetConnectionMoreThanInPoolTest" classname="GVFS.UnitTests.Common.Database.GVFSDatabaseTests" runstate="Runnable" testcasecount="1" result="Passed" start-time="2019-11-11 20:29:17Z" end-time="2019-11-11 20:29:17Z" duration="0.058008" total="1" passed="1" failed="0" warnings="0" inconclusive="0" skipped="0" asserts="1">
                <properties />
                <test-case id="2077" name="GetConnectionMoreThanInPoolTest()" fullname="GVFS.UnitTests.Common.Database.GVFSDatabaseTests.GetConnectionMoreThanInPoolTest()" methodname="GetConnectionMoreThanInPoolTest" classname="GVFS.UnitTests.Common.Database.GVFSDatabaseTests" runstate="Runnable" seed="1744405003" result="Passed" start-time="2019-11-11 20:29:17Z" end-time="2019-11-11 20:29:17Z" duration="0.057959" asserts="1">
                  <properties />
                </test-case>
              </test-suite>
            </test-suite>
            <test-suite type="TestFixture" id="2079" name="PlaceholderTableTests" fullname="GVFS.UnitTests.Common.Database.PlaceholderTableTests" classname="GVFS.UnitTests.Common.Database.PlaceholderTableTests" runstate="Runnable" testcasecount="34" result="Passed" start-time="2019-11-11 20:29:17Z" end-time="2019-11-11 20:29:17Z" duration="0.200642" total="34" passed="34" failed="0" warnings="0" inconclusive="0" skipped="0" asserts="92">
              <properties />
              <test-suite type="ParameterizedMethod" id="2127" name="AddExpandedFolder" fullname="GVFS.UnitTests.Common.Database.PlaceholderTableTests.AddExpandedFolder" classname="GVFS.UnitTests.Common.Database.PlaceholderTableTests" runstate="Runnable" testcasecount="1" result="Passed" start-time="2019-11-11 20:29:17Z" end-time="2019-11-11 20:29:17Z" duration="0.059286" total="1" passed="1" failed="0" warnings="0" inconclusive="0" skipped="0" asserts="0">
                <properties />
                <test-case id="2126" name="AddExpandedFolder()" fullname="GVFS.UnitTests.Common.Database.PlaceholderTableTests.AddExpandedFolder()" methodname="AddExpandedFolder" classname="GVFS.UnitTests.Common.Database.PlaceholderTableTests" runstate="Runnable" seed="1143384540" result="Passed" start-time="2019-11-11 20:29:17Z" end-time="2019-11-11 20:29:17Z" duration="0.059254" asserts="0">
                  <properties />
                </test-case>
              </test-suite>
              <test-suite type="ParameterizedMethod" id="2129" name="AddExpandedFolderThrowsGVFSDatabaseException" fullname="GVFS.UnitTests.Common.Database.PlaceholderTableTests.AddExpandedFolderThrowsGVFSDatabaseException" classname="GVFS.UnitTests.Common.Database.PlaceholderTableTests" runstate="Runnable" testcasecount="1" result="Passed" start-time="2019-11-11 20:29:17Z" end-time="2019-11-11 20:29:17Z" duration="0.003527" total="1" passed="1" failed="0" warnings="0" inconclusive="0" skipped="0" asserts="3">
                <properties>
                  <property name="Category" value="ExceptionExpected" />
                </properties>
                <test-case id="2128" name="AddExpandedFolderThrowsGVFSDatabaseException()" fullname="GVFS.UnitTests.Common.Database.PlaceholderTableTests.AddExpandedFolderThrowsGVFSDatabaseException()" methodname="AddExpandedFolderThrowsGVFSDatabaseException" classname="GVFS.UnitTests.Common.Database.PlaceholderTableTests" runstate="Runnable" seed="1700511289" result="Passed" start-time="2019-11-11 20:29:17Z" end-time="2019-11-11 20:29:17Z" duration="0.003475" asserts="3">
                  <properties />
                </test-case>
              </test-suite>
              <test-suite type="ParameterizedMethod" id="2101" name="AddFilePlaceholderDataWithNullShaThrowsException" fullname="GVFS.UnitTests.Common.Database.PlaceholderTableTests.AddFilePlaceholderDataWithNullShaThrowsException" classname="GVFS.UnitTests.Common.Database.PlaceholderTableTests" runstate="Runnable" testcasecount="1" result="Passed" start-time="2019-11-11 20:29:17Z" end-time="2019-11-11 20:29:17Z" duration="0.003790" total="1" passed="1" failed="0" warnings="0" inconclusive="0" skipped="0" asserts="2">
                <properties>
                  <property name="Category" value="ExceptionExpected" />
                </properties>
                <test-case id="2100" name="AddFilePlaceholderDataWithNullShaThrowsException()" fullname="GVFS.UnitTests.Common.Database.PlaceholderTableTests.AddFilePlaceholderDataWithNullShaThrowsException()" methodname="AddFilePlaceholderDataWithNullShaThrowsException" classname="GVFS.UnitTests.Common.Database.PlaceholderTableTests" runstate="Runnable" seed="2048151595" result="Passed" start-time="2019-11-11 20:29:17Z" end-time="2019-11-11 20:29:17Z" duration="0.003762" asserts="2">
                  <properties />
                </test-case>
              </test-suite>
              <test-suite type="ParameterizedMethod" id="2113" name="AddFileTest" fullname="GVFS.UnitTests.Common.Database.PlaceholderTableTests.AddFileTest" classname="GVFS.UnitTests.Common.Database.PlaceholderTableTests" runstate="Runnable" testcasecount="1" result="Passed" start-time="2019-11-11 20:29:17Z" end-time="2019-11-11 20:29:17Z" duration="0.005064" total="1" passed="1" failed="0" warnings="0" inconclusive="0" skipped="0" asserts="0">
                <properties />
                <test-case id="2112" name="AddFileTest()" fullname="GVFS.UnitTests.Common.Database.PlaceholderTableTests.AddFileTest()" methodname="AddFileTest" classname="GVFS.UnitTests.Common.Database.PlaceholderTableTests" runstate="Runnable" seed="1256921650" result="Passed" start-time="2019-11-11 20:29:17Z" end-time="2019-11-11 20:29:17Z" duration="0.005033" asserts="0">
                  <properties />
                </test-case>
              </test-suite>
              <test-suite type="ParameterizedMethod" id="2121" name="AddFileThrowsGVFSDatabaseException" fullname="GVFS.UnitTests.Common.Database.PlaceholderTableTests.AddFileThrowsGVFSDatabaseException" classname="GVFS.UnitTests.Common.Database.PlaceholderTableTests" runstate="Runnable" testcasecount="1" result="Passed" start-time="2019-11-11 20:29:17Z" end-time="2019-11-11 20:29:17Z" duration="0.003126" total="1" passed="1" failed="0" warnings="0" inconclusive="0" skipped="0" asserts="3">
                <properties>
                  <property name="Category" value="ExceptionExpected" />
                </properties>
                <test-case id="2120" name="AddFileThrowsGVFSDatabaseException()" fullname="GVFS.UnitTests.Common.Database.PlaceholderTableTests.AddFileThrowsGVFSDatabaseException()" methodname="AddFileThrowsGVFSDatabaseException" classname="GVFS.UnitTests.Common.Database.PlaceholderTableTests" runstate="Runnable" seed="595217923" result="Passed" start-time="2019-11-11 20:29:17Z" end-time="2019-11-11 20:29:17Z" duration="0.003097" asserts="3">
                  <properties />
                </test-case>
              </test-suite>
              <test-suite type="ParameterizedMethod" id="2117" name="AddFileWithEmptyShaThrowsException" fullname="GVFS.UnitTests.Common.Database.PlaceholderTableTests.AddFileWithEmptyShaThrowsException" classname="GVFS.UnitTests.Common.Database.PlaceholderTableTests" runstate="Runnable" testcasecount="1" result="Passed" start-time="2019-11-11 20:29:17Z" end-time="2019-11-11 20:29:17Z" duration="0.003437" total="1" passed="1" failed="0" warnings="0" inconclusive="0" skipped="0" asserts="2">
                <properties>
                  <property name="Category" value="ExceptionExpected" />
                </properties>
                <test-case id="2116" name="AddFileWithEmptyShaThrowsException()" fullname="GVFS.UnitTests.Common.Database.PlaceholderTableTests.AddFileWithEmptyShaThrowsException()" methodname="AddFileWithEmptyShaThrowsException" classname="GVFS.UnitTests.Common.Database.PlaceholderTableTests" runstate="Runnable" seed="1947769094" result="Passed" start-time="2019-11-11 20:29:17Z" end-time="2019-11-11 20:29:17Z" duration="0.003395" asserts="2">
                  <properties />
                </test-case>
              </test-suite>
              <test-suite type="ParameterizedMethod" id="2119" name="AddFileWithInvalidLengthShaThrowsException" fullname="GVFS.UnitTests.Common.Database.PlaceholderTableTests.AddFileWithInvalidLengthShaThrowsException" classname="GVFS.UnitTests.Common.Database.PlaceholderTableTests" runstate="Runnable" testcasecount="1" result="Passed" start-time="2019-11-11 20:29:17Z" end-time="2019-11-11 20:29:17Z" duration="0.003080" total="1" passed="1" failed="0" warnings="0" inconclusive="0" skipped="0" asserts="2">
                <properties>
                  <property name="Category" value="ExceptionExpected" />
                </properties>
                <test-case id="2118" name="AddFileWithInvalidLengthShaThrowsException()" fullname="GVFS.UnitTests.Common.Database.PlaceholderTableTests.AddFileWithInvalidLengthShaThrowsException()" methodname="AddFileWithInvalidLengthShaThrowsException" classname="GVFS.UnitTests.Common.Database.PlaceholderTableTests" runstate="Runnable" seed="2138898874" result="Passed" start-time="2019-11-11 20:29:17Z" end-time="2019-11-11 20:29:17Z" duration="0.003006" asserts="2">
                  <properties />
                </test-case>
              </test-suite>
              <test-suite type="ParameterizedMethod" id="2115" name="AddFileWithNullShaThrowsException" fullname="GVFS.UnitTests.Common.Database.PlaceholderTableTests.AddFileWithNullShaThrowsException" classname="GVFS.UnitTests.Common.Database.PlaceholderTableTests" runstate="Runnable" testcasecount="1" result="Passed" start-time="2019-11-11 20:29:17Z" end-time="2019-11-11 20:29:17Z" duration="0.002838" total="1" passed="1" failed="0" warnings="0" inconclusive="0" skipped="0" asserts="2">
                <properties>
                  <property name="Category" value="ExceptionExpected" />
                </properties>
                <test-case id="2114" name="AddFileWithNullShaThrowsException()" fullname="GVFS.UnitTests.Common.Database.PlaceholderTableTests.AddFileWithNullShaThrowsException()" methodname="AddFileWithNullShaThrowsException" classname="GVFS.UnitTests.Common.Database.PlaceholderTableTests" runstate="Runnable" seed="157785559" result="Passed" start-time="2019-11-11 20:29:17Z" end-time="2019-11-11 20:29:17Z" duration="0.002792" asserts="2">
                  <properties />
                </test-case>
              </test-suite>
              <test-suite type="ParameterizedMethod" id="2123" name="AddPartialFolder" fullname="GVFS.UnitTests.Common.Database.PlaceholderTableTests.AddPartialFolder" classname="GVFS.UnitTests.Common.Database.PlaceholderTableTests" runstate="Runnable" testcasecount="1" result="Passed" start-time="2019-11-11 20:29:17Z" end-time="2019-11-11 20:29:17Z" duration="0.004938" total="1" passed="1" failed="0" warnings="0" inconclusive="0" skipped="0" asserts="0">
                <properties />
                <test-case id="2122" name="AddPartialFolder()" fullname="GVFS.UnitTests.Common.Database.PlaceholderTableTests.AddPartialFolder()" methodname="AddPartialFolder" classname="GVFS.UnitTests.Common.Database.PlaceholderTableTests" runstate="Runnable" seed="1094891952" result="Passed" start-time="2019-11-11 20:29:17Z" end-time="2019-11-11 20:29:17Z" duration="0.004899" asserts="0">
                  <properties />
                </test-case>
              </test-suite>
              <test-suite type="ParameterizedMethod" id="2125" name="AddPartialFolderThrowsGVFSDatabaseException" fullname="GVFS.UnitTests.Common.Database.PlaceholderTableTests.AddPartialFolderThrowsGVFSDatabaseException" classname="GVFS.UnitTests.Common.Database.PlaceholderTableTests" runstate="Runnable" testcasecount="1" result="Passed" start-time="2019-11-11 20:29:17Z" end-time="2019-11-11 20:29:17Z" duration="0.003188" total="1" passed="1" failed="0" warnings="0" inconclusive="0" skipped="0" asserts="3">
                <properties>
                  <property name="Category" value="ExceptionExpected" />
                </properties>
                <test-case id="2124" name="AddPartialFolderThrowsGVFSDatabaseException()" fullname="GVFS.UnitTests.Common.Database.PlaceholderTableTests.AddPartialFolderThrowsGVFSDatabaseException()" methodname="AddPartialFolderThrowsGVFSDatabaseException" classname="GVFS.UnitTests.Common.Database.PlaceholderTableTests" runstate="Runnable" seed="177320085" result="Passed" start-time="2019-11-11 20:29:17Z" end-time="2019-11-11 20:29:17Z" duration="0.003134" asserts="3">
                  <properties />
                </test-case>
              </test-suite>
              <test-suite type="ParameterizedMethod" id="2103" name="AddPlaceholderDataThrowsGVFSDatabaseException" fullname="GVFS.UnitTests.Common.Database.PlaceholderTableTests.AddPlaceholderDataThrowsGVFSDatabaseException" classname="GVFS.UnitTests.Common.Database.PlaceholderTableTests" runstate="Runnable" testcasecount="1" result="Passed" start-time="2019-11-11 20:29:17Z" end-time="2019-11-11 20:29:17Z" duration="0.003162" total="1" passed="1" failed="0" warnings="0" inconclusive="0" skipped="0" asserts="3">
                <properties>
                  <property name="Category" value="ExceptionExpected" />
                </properties>
                <test-case id="2102" name="AddPlaceholderDataThrowsGVFSDatabaseException()" fullname="GVFS.UnitTests.Common.Database.PlaceholderTableTests.AddPlaceholderDataThrowsGVFSDatabaseException()" methodname="AddPlaceholderDataThrowsGVFSDatabaseException" classname="GVFS.UnitTests.Common.Database.PlaceholderTableTests" runstate="Runnable" seed="776382627" result="Passed" start-time="2019-11-11 20:29:17Z" end-time="2019-11-11 20:29:17Z" duration="0.003125" asserts="3">
                  <properties />
                </test-case>
              </test-suite>
              <test-suite type="ParameterizedMethod" id="2109" name="AddPlaceholderDataWithExpandedFolder" fullname="GVFS.UnitTests.Common.Database.PlaceholderTableTests.AddPlaceholderDataWithExpandedFolder" classname="GVFS.UnitTests.Common.Database.PlaceholderTableTests" runstate="Runnable" testcasecount="1" result="Passed" start-time="2019-11-11 20:29:17Z" end-time="2019-11-11 20:29:17Z" duration="0.005090" total="1" passed="1" failed="0" warnings="0" inconclusive="0" skipped="0" asserts="0">
                <properties />
                <test-case id="2108" name="AddPlaceholderDataWithExpandedFolder()" fullname="GVFS.UnitTests.Common.Database.PlaceholderTableTests.AddPlaceholderDataWithExpandedFolder()" methodname="AddPlaceholderDataWithExpandedFolder" classname="GVFS.UnitTests.Common.Database.PlaceholderTableTests" runstate="Runnable" seed="420816216" result="Passed" start-time="2019-11-11 20:29:17Z" end-time="2019-11-11 20:29:17Z" duration="0.005054" asserts="0">
                  <properties />
                </test-case>
              </test-suite>
              <test-suite type="ParameterizedMethod" id="2105" name="AddPlaceholderDataWithFile" fullname="GVFS.UnitTests.Common.Database.PlaceholderTableTests.AddPlaceholderDataWithFile" classname="GVFS.UnitTests.Common.Database.PlaceholderTableTests" runstate="Runnable" testcasecount="1" result="Passed" start-time="2019-11-11 20:29:17Z" end-time="2019-11-11 20:29:17Z" duration="0.004965" total="1" passed="1" failed="0" warnings="0" inconclusive="0" skipped="0" asserts="0">
                <properties />
                <test-case id="2104" name="AddPlaceholderDataWithFile()" fullname="GVFS.UnitTests.Common.Database.PlaceholderTableTests.AddPlaceholderDataWithFile()" methodname="AddPlaceholderDataWithFile" classname="GVFS.UnitTests.Common.Database.PlaceholderTableTests" runstate="Runnable" seed="489125434" result="Passed" start-time="2019-11-11 20:29:17Z" end-time="2019-11-11 20:29:17Z" duration="0.004934" asserts="0">
                  <properties />
                </test-case>
              </test-suite>
              <test-suite type="ParameterizedMethod" id="2107" name="AddPlaceholderDataWithPartialFolder" fullname="GVFS.UnitTests.Common.Database.PlaceholderTableTests.AddPlaceholderDataWithPartialFolder" classname="GVFS.UnitTests.Common.Database.PlaceholderTableTests" runstate="Runnable" testcasecount="1" result="Passed" start-time="2019-11-11 20:29:17Z" end-time="2019-11-11 20:29:17Z" duration="0.005138" total="1" passed="1" failed="0" warnings="0" inconclusive="0" skipped="0" asserts="0">
                <properties />
                <test-case id="2106" name="AddPlaceholderDataWithPartialFolder()" fullname="GVFS.UnitTests.Common.Database.PlaceholderTableTests.AddPlaceholderDataWithPartialFolder()" methodname="AddPlaceholderDataWithPartialFolder" classname="GVFS.UnitTests.Common.Database.PlaceholderTableTests" runstate="Runnable" seed="1098770961" result="Passed" start-time="2019-11-11 20:29:17Z" end-time="2019-11-11 20:29:17Z" duration="0.005106" asserts="0">
                  <properties />
                </test-case>
              </test-suite>
              <test-suite type="ParameterizedMethod" id="2111" name="AddPlaceholderDataWithPossibleTombstoneFolder" fullname="GVFS.UnitTests.Common.Database.PlaceholderTableTests.AddPlaceholderDataWithPossibleTombstoneFolder" classname="GVFS.UnitTests.Common.Database.PlaceholderTableTests" runstate="Runnable" testcasecount="1" result="Passed" start-time="2019-11-11 20:29:17Z" end-time="2019-11-11 20:29:17Z" duration="0.005187" total="1" passed="1" failed="0" warnings="0" inconclusive="0" skipped="0" asserts="0">
                <properties />
                <test-case id="2110" name="AddPlaceholderDataWithPossibleTombstoneFolder()" fullname="GVFS.UnitTests.Common.Database.PlaceholderTableTests.AddPlaceholderDataWithPossibleTombstoneFolder()" methodname="AddPlaceholderDataWithPossibleTombstoneFolder" classname="GVFS.UnitTests.Common.Database.PlaceholderTableTests" runstate="Runnable" seed="1162742050" result="Passed" start-time="2019-11-11 20:29:17Z" end-time="2019-11-11 20:29:17Z" duration="0.005159" asserts="0">
                  <properties />
                </test-case>
              </test-suite>
              <test-suite type="ParameterizedMethod" id="2131" name="AddPossibleTombstoneFolder" fullname="GVFS.UnitTests.Common.Database.PlaceholderTableTests.AddPossibleTombstoneFolder" classname="GVFS.UnitTests.Common.Database.PlaceholderTableTests" runstate="Runnable" testcasecount="1" result="Passed" start-time="2019-11-11 20:29:17Z" end-time="2019-11-11 20:29:17Z" duration="0.004920" total="1" passed="1" failed="0" warnings="0" inconclusive="0" skipped="0" asserts="0">
                <properties />
                <test-case id="2130" name="AddPossibleTombstoneFolder()" fullname="GVFS.UnitTests.Common.Database.PlaceholderTableTests.AddPossibleTombstoneFolder()" methodname="AddPossibleTombstoneFolder" classname="GVFS.UnitTests.Common.Database.PlaceholderTableTests" runstate="Runnable" seed="751467808" result="Passed" start-time="2019-11-11 20:29:17Z" end-time="2019-11-11 20:29:17Z" duration="0.004889" asserts="0">
                  <properties />
                </test-case>
              </test-suite>
              <test-suite type="ParameterizedMethod" id="2133" name="AddPossibleTombstoneFolderThrowsGVFSDatabaseException" fullname="GVFS.UnitTests.Common.Database.PlaceholderTableTests.AddPossibleTombstoneFolderThrowsGVFSDatabaseException" classname="GVFS.UnitTests.Common.Database.PlaceholderTableTests" runstate="Runnable" testcasecount="1" result="Passed" start-time="2019-11-11 20:29:17Z" end-time="2019-11-11 20:29:17Z" duration="0.003060" total="1" passed="1" failed="0" warnings="0" inconclusive="0" skipped="0" asserts="3">
                <properties>
                  <property name="Category" value="ExceptionExpected" />
                </properties>
                <test-case id="2132" name="AddPossibleTombstoneFolderThrowsGVFSDatabaseException()" fullname="GVFS.UnitTests.Common.Database.PlaceholderTableTests.AddPossibleTombstoneFolderThrowsGVFSDatabaseException()" methodname="AddPossibleTombstoneFolderThrowsGVFSDatabaseException" classname="GVFS.UnitTests.Common.Database.PlaceholderTableTests" runstate="Runnable" seed="739463847" result="Passed" start-time="2019-11-11 20:29:17Z" end-time="2019-11-11 20:29:17Z" duration="0.003029" asserts="3">
                  <properties />
                </test-case>
              </test-suite>
              <test-suite type="ParameterizedMethod" id="2143" name="ConstructorTest" fullname="GVFS.UnitTests.Common.Database.PlaceholderTableTests.ConstructorTest" classname="GVFS.UnitTests.Common.Database.TableTests`1" runstate="Runnable" testcasecount="1" result="Passed" start-time="2019-11-11 20:29:17Z" end-time="2019-11-11 20:29:17Z" duration="0.000419" total="1" passed="1" failed="0" warnings="0" inconclusive="0" skipped="0" asserts="0">
                <properties />
                <test-case id="2142" name="ConstructorTest()" fullname="GVFS.UnitTests.Common.Database.PlaceholderTableTests.ConstructorTest()" methodname="ConstructorTest" classname="GVFS.UnitTests.Common.Database.TableTests`1" runstate="Runnable" seed="653153278" result="Passed" start-time="2019-11-11 20:29:17Z" end-time="2019-11-11 20:29:17Z" duration="0.000367" asserts="0">
                  <properties />
                </test-case>
              </test-suite>
              <test-suite type="ParameterizedMethod" id="2145" name="CreateTableTest" fullname="GVFS.UnitTests.Common.Database.PlaceholderTableTests.CreateTableTest" classname="GVFS.UnitTests.Common.Database.TableTests`1" runstate="Runnable" testcasecount="1" result="Passed" start-time="2019-11-11 20:29:17Z" end-time="2019-11-11 20:29:17Z" duration="0.002053" total="1" passed="1" failed="0" warnings="0" inconclusive="0" skipped="0" asserts="0">
                <properties />
                <test-case id="2144" name="CreateTableTest()" fullname="GVFS.UnitTests.Common.Database.PlaceholderTableTests.CreateTableTest()" methodname="CreateTableTest" classname="GVFS.UnitTests.Common.Database.TableTests`1" runstate="Runnable" seed="592792532" result="Passed" start-time="2019-11-11 20:29:17Z" end-time="2019-11-11 20:29:17Z" duration="0.002024" asserts="0">
                  <properties />
                </test-case>
              </test-suite>
              <test-suite type="ParameterizedMethod" id="2147" name="CreateTableThrowsExceptionNotWrappedInGVFSDatabaseException" fullname="GVFS.UnitTests.Common.Database.PlaceholderTableTests.CreateTableThrowsExceptionNotWrappedInGVFSDatabaseException" classname="GVFS.UnitTests.Common.Database.TableTests`1" runstate="Runnable" testcasecount="1" result="Passed" start-time="2019-11-11 20:29:17Z" end-time="2019-11-11 20:29:17Z" duration="0.002655" total="1" passed="1" failed="0" warnings="0" inconclusive="0" skipped="0" asserts="2">
                <properties>
                  <property name="Category" value="ExceptionExpected" />
                </properties>
                <test-case id="2146" name="CreateTableThrowsExceptionNotWrappedInGVFSDatabaseException()" fullname="GVFS.UnitTests.Common.Database.PlaceholderTableTests.CreateTableThrowsExceptionNotWrappedInGVFSDatabaseException()" methodname="CreateTableThrowsExceptionNotWrappedInGVFSDatabaseException" classname="GVFS.UnitTests.Common.Database.TableTests`1" runstate="Runnable" seed="906301241" result="Passed" start-time="2019-11-11 20:29:17Z" end-time="2019-11-11 20:29:17Z" duration="0.002621" asserts="2">
                  <properties />
                </test-case>
              </test-suite>
              <test-suite type="ParameterizedMethod" id="2099" name="GetAllEntriesReturnsMultiple" fullname="GVFS.UnitTests.Common.Database.PlaceholderTableTests.GetAllEntriesReturnsMultiple" classname="GVFS.UnitTests.Common.Database.PlaceholderTableTests" runstate="Runnable" testcasecount="1" result="Passed" start-time="2019-11-11 20:29:17Z" end-time="2019-11-11 20:29:17Z" duration="0.032181" total="1" passed="1" failed="0" warnings="0" inconclusive="0" skipped="0" asserts="24">
                <properties />
                <test-case id="2098" name="GetAllEntriesReturnsMultiple()" fullname="GVFS.UnitTests.Common.Database.PlaceholderTableTests.GetAllEntriesReturnsMultiple()" methodname="GetAllEntriesReturnsMultiple" classname="GVFS.UnitTests.Common.Database.PlaceholderTableTests" runstate="Runnable" seed="542972944" result="Passed" start-time="2019-11-11 20:29:17Z" end-time="2019-11-11 20:29:17Z" duration="0.032143" asserts="24">
                  <properties />
                </test-case>
              </test-suite>
              <test-suite type="ParameterizedMethod" id="2093" name="GetAllEntriesReturnsNothing" fullname="GVFS.UnitTests.Common.Database.PlaceholderTableTests.GetAllEntriesReturnsNothing" classname="GVFS.UnitTests.Common.Database.PlaceholderTableTests" runstate="Runnable" testcasecount="1" result="Passed" start-time="2019-11-11 20:29:17Z" end-time="2019-11-11 20:29:17Z" duration="0.001254" total="1" passed="1" failed="0" warnings="0" inconclusive="0" skipped="0" asserts="4">
                <properties />
                <test-case id="2092" name="GetAllEntriesReturnsNothing()" fullname="GVFS.UnitTests.Common.Database.PlaceholderTableTests.GetAllEntriesReturnsNothing()" methodname="GetAllEntriesReturnsNothing" classname="GVFS.UnitTests.Common.Database.PlaceholderTableTests" runstate="Runnable" seed="1522787064" result="Passed" start-time="2019-11-11 20:29:17Z" end-time="2019-11-11 20:29:17Z" duration="0.001219" asserts="4">
                  <properties />
                </test-case>
              </test-suite>
              <test-suite type="ParameterizedMethod" id="2095" name="GetAllEntriesReturnsOneFile" fullname="GVFS.UnitTests.Common.Database.PlaceholderTableTests.GetAllEntriesReturnsOneFile" classname="GVFS.UnitTests.Common.Database.PlaceholderTableTests" runstate="Runnable" testcasecount="1" result="Passed" start-time="2019-11-11 20:29:17Z" end-time="2019-11-11 20:29:17Z" duration="0.001622" total="1" passed="1" failed="0" warnings="0" inconclusive="0" skipped="0" asserts="9">
                <properties />
                <test-case id="2094" name="GetAllEntriesReturnsOneFile()" fullname="GVFS.UnitTests.Common.Database.PlaceholderTableTests.GetAllEntriesReturnsOneFile()" methodname="GetAllEntriesReturnsOneFile" classname="GVFS.UnitTests.Common.Database.PlaceholderTableTests" runstate="Runnable" seed="1220141769" result="Passed" start-time="2019-11-11 20:29:17Z" end-time="2019-11-11 20:29:17Z" duration="0.001588" asserts="9">
                  <properties />
                </test-case>
              </test-suite>
              <test-suite type="ParameterizedMethod" id="2097" name="GetAllEntriesReturnsOneFolder" fullname="GVFS.UnitTests.Common.Database.PlaceholderTableTests.GetAllEntriesReturnsOneFolder" classname="GVFS.UnitTests.Common.Database.PlaceholderTableTests" runstate="Runnable" testcasecount="1" result="Passed" start-time="2019-11-11 20:29:17Z" end-time="2019-11-11 20:29:17Z" duration="0.001488" total="1" passed="1" failed="0" warnings="0" inconclusive="0" skipped="0" asserts="9">
                <properties />
                <test-case id="2096" name="GetAllEntriesReturnsOneFolder()" fullname="GVFS.UnitTests.Common.Database.PlaceholderTableTests.GetAllEntriesReturnsOneFolder()" methodname="GetAllEntriesReturnsOneFolder" classname="GVFS.UnitTests.Common.Database.PlaceholderTableTests" runstate="Runnable" seed="582510527" result="Passed" start-time="2019-11-11 20:29:17Z" end-time="2019-11-11 20:29:17Z" duration="0.001446" asserts="9">
                  <properties />
                </test-case>
              </test-suite>
              <test-suite type="ParameterizedMethod" id="2091" name="GetAllEntriesThrowsGVFSDatabaseException" fullname="GVFS.UnitTests.Common.Database.PlaceholderTableTests.GetAllEntriesThrowsGVFSDatabaseException" classname="GVFS.UnitTests.Common.Database.PlaceholderTableTests" runstate="Runnable" testcasecount="1" result="Passed" start-time="2019-11-11 20:29:17Z" end-time="2019-11-11 20:29:17Z" duration="0.002039" total="1" passed="1" failed="0" warnings="0" inconclusive="0" skipped="0" asserts="3">
                <properties>
                  <property name="Category" value="ExceptionExpected" />
                </properties>
                <test-case id="2090" name="GetAllEntriesThrowsGVFSDatabaseException()" fullname="GVFS.UnitTests.Common.Database.PlaceholderTableTests.GetAllEntriesThrowsGVFSDatabaseException()" methodname="GetAllEntriesThrowsGVFSDatabaseException" classname="GVFS.UnitTests.Common.Database.PlaceholderTableTests" runstate="Runnable" seed="51728441" result="Passed" start-time="2019-11-11 20:29:17Z" end-time="2019-11-11 20:29:17Z" duration="0.002006" asserts="3">
                  <properties />
                </test-case>
              </test-suite>
              <test-suite type="ParameterizedMethod" id="2089" name="GetAllFilePathsTest" fullname="GVFS.UnitTests.Common.Database.PlaceholderTableTests.GetAllFilePathsTest" classname="GVFS.UnitTests.Common.Database.PlaceholderTableTests" runstate="Runnable" testcasecount="1" result="Passed" start-time="2019-11-11 20:29:17Z" end-time="2019-11-11 20:29:17Z" duration="0.003708" total="1" passed="1" failed="0" warnings="0" inconclusive="0" skipped="0" asserts="3">
                <properties />
                <test-case id="2088" name="GetAllFilePathsTest()" fullname="GVFS.UnitTests.Common.Database.PlaceholderTableTests.GetAllFilePathsTest()" methodname="GetAllFilePathsTest" classname="GVFS.UnitTests.Common.Database.PlaceholderTableTests" runstate="Runnable" seed="370167183" result="Passed" start-time="2019-11-11 20:29:17Z" end-time="2019-11-11 20:29:17Z" duration="0.003669" asserts="3">
                  <properties />
                </test-case>
              </test-suite>
              <test-suite type="ParameterizedMethod" id="2087" name="GetAllFilePathsThrowsGVFSDatabaseException" fullname="GVFS.UnitTests.Common.Database.PlaceholderTableTests.GetAllFilePathsThrowsGVFSDatabaseException" classname="GVFS.UnitTests.Common.Database.PlaceholderTableTests" runstate="Runnable" testcasecount="1" result="Passed" start-time="2019-11-11 20:29:17Z" end-time="2019-11-11 20:29:17Z" duration="0.001868" total="1" passed="1" failed="0" warnings="0" inconclusive="0" skipped="0" asserts="3">
                <properties>
                  <property name="Category" value="ExceptionExpected" />
                </properties>
                <test-case id="2086" name="GetAllFilePathsThrowsGVFSDatabaseException()" fullname="GVFS.UnitTests.Common.Database.PlaceholderTableTests.GetAllFilePathsThrowsGVFSDatabaseException()" methodname="GetAllFilePathsThrowsGVFSDatabaseException" classname="GVFS.UnitTests.Common.Database.PlaceholderTableTests" runstate="Runnable" seed="717789892" result="Passed" start-time="2019-11-11 20:29:17Z" end-time="2019-11-11 20:29:17Z" duration="0.001833" asserts="3">
                  <properties />
                </test-case>
              </test-suite>
              <test-suite type="ParameterizedMethod" id="2085" name="GetAllFilePathsWithNoResults" fullname="GVFS.UnitTests.Common.Database.PlaceholderTableTests.GetAllFilePathsWithNoResults" classname="GVFS.UnitTests.Common.Database.PlaceholderTableTests" runstate="Runnable" testcasecount="1" result="Passed" start-time="2019-11-11 20:29:17Z" end-time="2019-11-11 20:29:17Z" duration="0.001652" total="1" passed="1" failed="0" warnings="0" inconclusive="0" skipped="0" asserts="2">
                <properties />
                <test-case id="2084" name="GetAllFilePathsWithNoResults()" fullname="GVFS.UnitTests.Common.Database.PlaceholderTableTests.GetAllFilePathsWithNoResults()" methodname="GetAllFilePathsWithNoResults" classname="GVFS.UnitTests.Common.Database.PlaceholderTableTests" runstate="Runnable" seed="469376111" result="Passed" start-time="2019-11-11 20:29:17Z" end-time="2019-11-11 20:29:17Z" duration="0.001613" asserts="2">
                  <properties />
                </test-case>
              </test-suite>
              <test-suite type="ParameterizedMethod" id="2081" name="GetCountTest" fullname="GVFS.UnitTests.Common.Database.PlaceholderTableTests.GetCountTest" classname="GVFS.UnitTests.Common.Database.PlaceholderTableTests" runstate="Runnable" testcasecount="1" result="Passed" start-time="2019-11-11 20:29:17Z" end-time="2019-11-11 20:29:17Z" duration="0.001909" total="1" passed="1" failed="0" warnings="0" inconclusive="0" skipped="0" asserts="1">
                <properties />
                <test-case id="2080" name="GetCountTest()" fullname="GVFS.UnitTests.Common.Database.PlaceholderTableTests.GetCountTest()" methodname="GetCountTest" classname="GVFS.UnitTests.Common.Database.PlaceholderTableTests" runstate="Runnable" seed="1446506191" result="Passed" start-time="2019-11-11 20:29:17Z" end-time="2019-11-11 20:29:17Z" duration="0.001820" asserts="1">
                  <properties />
                </test-case>
              </test-suite>
              <test-suite type="ParameterizedMethod" id="2083" name="GetCountThrowsGVFSDatabaseException" fullname="GVFS.UnitTests.Common.Database.PlaceholderTableTests.GetCountThrowsGVFSDatabaseException" classname="GVFS.UnitTests.Common.Database.PlaceholderTableTests" runstate="Runnable" testcasecount="1" result="Passed" start-time="2019-11-11 20:29:17Z" end-time="2019-11-11 20:29:17Z" duration="0.001969" total="1" passed="1" failed="0" warnings="0" inconclusive="0" skipped="0" asserts="3">
                <properties>
                  <property name="Category" value="ExceptionExpected" />
                </properties>
                <test-case id="2082" name="GetCountThrowsGVFSDatabaseException()" fullname="GVFS.UnitTests.Common.Database.PlaceholderTableTests.GetCountThrowsGVFSDatabaseException()" methodname="GetCountThrowsGVFSDatabaseException" classname="GVFS.UnitTests.Common.Database.PlaceholderTableTests" runstate="Runnable" seed="681869321" result="Passed" start-time="2019-11-11 20:29:17Z" end-time="2019-11-11 20:29:17Z" duration="0.001919" asserts="3">
                  <properties />
                </test-case>
              </test-suite>
              <test-suite type="ParameterizedMethod" id="2139" name="RemoveAllEntriesForFolderTest" fullname="GVFS.UnitTests.Common.Database.PlaceholderTableTests.RemoveAllEntriesForFolderTest" classname="GVFS.UnitTests.Common.Database.PlaceholderTableTests" runstate="Runnable" testcasecount="1" result="Passed" start-time="2019-11-11 20:29:17Z" end-time="2019-11-11 20:29:17Z" duration="0.011249" total="1" passed="1" failed="0" warnings="0" inconclusive="0" skipped="0" asserts="0">
                <properties />
                <test-case id="2138" name="RemoveAllEntriesForFolderTest()" fullname="GVFS.UnitTests.Common.Database.PlaceholderTableTests.RemoveAllEntriesForFolderTest()" methodname="RemoveAllEntriesForFolderTest" classname="GVFS.UnitTests.Common.Database.PlaceholderTableTests" runstate="Runnable" seed="1839483392" result="Passed" start-time="2019-11-11 20:29:17Z" end-time="2019-11-11 20:29:17Z" duration="0.011212" asserts="0">
                  <properties />
                </test-case>
              </test-suite>
              <test-suite type="ParameterizedMethod" id="2141" name="RemoveAllEntriesForFolderThrowsGVFSDatabaseException" fullname="GVFS.UnitTests.Common.Database.PlaceholderTableTests.RemoveAllEntriesForFolderThrowsGVFSDatabaseException" classname="GVFS.UnitTests.Common.Database.PlaceholderTableTests" runstate="Runnable" testcasecount="1" result="Passed" start-time="2019-11-11 20:29:17Z" end-time="2019-11-11 20:29:17Z" duration="0.001674" total="1" passed="1" failed="0" warnings="0" inconclusive="0" skipped="0" asserts="3">
                <properties>
                  <property name="Category" value="ExceptionExpected" />
                </properties>
                <test-case id="2140" name="RemoveAllEntriesForFolderThrowsGVFSDatabaseException()" fullname="GVFS.UnitTests.Common.Database.PlaceholderTableTests.RemoveAllEntriesForFolderThrowsGVFSDatabaseException()" methodname="RemoveAllEntriesForFolderThrowsGVFSDatabaseException" classname="GVFS.UnitTests.Common.Database.PlaceholderTableTests" runstate="Runnable" seed="1079451439" result="Passed" start-time="2019-11-11 20:29:17Z" end-time="2019-11-11 20:29:17Z" duration="0.001639" asserts="3">
                  <properties />
                </test-case>
              </test-suite>
              <test-suite type="ParameterizedMethod" id="2135" name="RemoveTest" fullname="GVFS.UnitTests.Common.Database.PlaceholderTableTests.RemoveTest" classname="GVFS.UnitTests.Common.Database.PlaceholderTableTests" runstate="Runnable" testcasecount="1" result="Passed" start-time="2019-11-11 20:29:17Z" end-time="2019-11-11 20:29:17Z" duration="0.007096" total="1" passed="1" failed="0" warnings="0" inconclusive="0" skipped="0" asserts="0">
                <properties />
                <test-case id="2134" name="RemoveTest()" fullname="GVFS.UnitTests.Common.Database.PlaceholderTableTests.RemoveTest()" methodname="RemoveTest" classname="GVFS.UnitTests.Common.Database.PlaceholderTableTests" runstate="Runnable" seed="1792515860" result="Passed" start-time="2019-11-11 20:29:17Z" end-time="2019-11-11 20:29:17Z" duration="0.007066" asserts="0">
                  <properties />
                </test-case>
              </test-suite>
              <test-suite type="ParameterizedMethod" id="2137" name="RemoveThrowsGVFSDatabaseException" fullname="GVFS.UnitTests.Common.Database.PlaceholderTableTests.RemoveThrowsGVFSDatabaseException" classname="GVFS.UnitTests.Common.Database.PlaceholderTableTests" runstate="Runnable" testcasecount="1" result="Passed" start-time="2019-11-11 20:29:17Z" end-time="2019-11-11 20:29:17Z" duration="0.001567" total="1" passed="1" failed="0" warnings="0" inconclusive="0" skipped="0" asserts="3">
                <properties>
                  <property name="Category" value="ExceptionExpected" />
                </properties>
                <test-case id="2136" name="RemoveThrowsGVFSDatabaseException()" fullname="GVFS.UnitTests.Common.Database.PlaceholderTableTests.RemoveThrowsGVFSDatabaseException()" methodname="RemoveThrowsGVFSDatabaseException" classname="GVFS.UnitTests.Common.Database.PlaceholderTableTests" runstate="Runnable" seed="1664419068" result="Passed" start-time="2019-11-11 20:29:17Z" end-time="2019-11-11 20:29:17Z" duration="0.001516" asserts="3">
                  <properties />
                </test-case>
              </test-suite>
            </test-suite>
            <test-suite type="TestFixture" id="2148" name="SparseTableTests" fullname="GVFS.UnitTests.Common.Database.SparseTableTests" classname="GVFS.UnitTests.Common.Database.SparseTableTests" runstate="Runnable" testcasecount="10" result="Passed" start-time="2019-11-11 20:29:17Z" end-time="2019-11-11 20:29:18Z" duration="0.784783" total="10" passed="10" failed="0" warnings="0" inconclusive="0" skipped="0" asserts="14">
              <properties />
              <test-suite type="ParameterizedMethod" id="2158" name="AddThrowsGVFSDatabaseException" fullname="GVFS.UnitTests.Common.Database.SparseTableTests.AddThrowsGVFSDatabaseException" classname="GVFS.UnitTests.Common.Database.SparseTableTests" runstate="Runnable" testcasecount="1" result="Passed" start-time="2019-11-11 20:29:17Z" end-time="2019-11-11 20:29:18Z" duration="0.743839" total="1" passed="1" failed="0" warnings="0" inconclusive="0" skipped="0" asserts="3">
                <properties>
                  <property name="Category" value="ExceptionExpected" />
                </properties>
                <test-case id="2157" name="AddThrowsGVFSDatabaseException()" fullname="GVFS.UnitTests.Common.Database.SparseTableTests.AddThrowsGVFSDatabaseException()" methodname="AddThrowsGVFSDatabaseException" classname="GVFS.UnitTests.Common.Database.SparseTableTests" runstate="Runnable" seed="1625546554" result="Passed" start-time="2019-11-11 20:29:17Z" end-time="2019-11-11 20:29:18Z" duration="0.743797" asserts="3">
                  <properties />
                </test-case>
              </test-suite>
              <test-suite type="ParameterizedMethod" id="2156" name="AddVariousPaths" fullname="GVFS.UnitTests.Common.Database.SparseTableTests.AddVariousPaths" classname="GVFS.UnitTests.Common.Database.SparseTableTests" runstate="Runnable" testcasecount="1" result="Passed" start-time="2019-11-11 20:29:18Z" end-time="2019-11-11 20:29:18Z" duration="0.014952" total="1" passed="1" failed="0" warnings="0" inconclusive="0" skipped="0" asserts="0">
                <properties />
                <test-case id="2155" name="AddVariousPaths()" fullname="GVFS.UnitTests.Common.Database.SparseTableTests.AddVariousPaths()" methodname="AddVariousPaths" classname="GVFS.UnitTests.Common.Database.SparseTableTests" runstate="Runnable" seed="1537455507" result="Passed" start-time="2019-11-11 20:29:18Z" end-time="2019-11-11 20:29:18Z" duration="0.014901" asserts="0">
                  <properties />
                </test-case>
              </test-suite>
              <test-suite type="ParameterizedMethod" id="2164" name="ConstructorTest" fullname="GVFS.UnitTests.Common.Database.SparseTableTests.ConstructorTest" classname="GVFS.UnitTests.Common.Database.TableTests`1" runstate="Runnable" testcasecount="1" result="Passed" start-time="2019-11-11 20:29:18Z" end-time="2019-11-11 20:29:18Z" duration="0.000074" total="1" passed="1" failed="0" warnings="0" inconclusive="0" skipped="0" asserts="0">
                <properties />
                <test-case id="2163" name="ConstructorTest()" fullname="GVFS.UnitTests.Common.Database.SparseTableTests.ConstructorTest()" methodname="ConstructorTest" classname="GVFS.UnitTests.Common.Database.TableTests`1" runstate="Runnable" seed="1611856402" result="Passed" start-time="2019-11-11 20:29:18Z" end-time="2019-11-11 20:29:18Z" duration="0.000049" asserts="0">
                  <properties />
                </test-case>
              </test-suite>
              <test-suite type="ParameterizedMethod" id="2166" name="CreateTableTest" fullname="GVFS.UnitTests.Common.Database.SparseTableTests.CreateTableTest" classname="GVFS.UnitTests.Common.Database.TableTests`1" runstate="Runnable" testcasecount="1" result="Passed" start-time="2019-11-11 20:29:18Z" end-time="2019-11-11 20:29:18Z" duration="0.000255" total="1" passed="1" failed="0" warnings="0" inconclusive="0" skipped="0" asserts="0">
                <properties />
                <test-case id="2165" name="CreateTableTest()" fullname="GVFS.UnitTests.Common.Database.SparseTableTests.CreateTableTest()" methodname="CreateTableTest" classname="GVFS.UnitTests.Common.Database.TableTests`1" runstate="Runnable" seed="1482365027" result="Passed" start-time="2019-11-11 20:29:18Z" end-time="2019-11-11 20:29:18Z" duration="0.000214" asserts="0">
                  <properties />
                </test-case>
              </test-suite>
              <test-suite type="ParameterizedMethod" id="2168" name="CreateTableThrowsExceptionNotWrappedInGVFSDatabaseException" fullname="GVFS.UnitTests.Common.Database.SparseTableTests.CreateTableThrowsExceptionNotWrappedInGVFSDatabaseException" classname="GVFS.UnitTests.Common.Database.TableTests`1" runstate="Runnable" testcasecount="1" result="Passed" start-time="2019-11-11 20:29:18Z" end-time="2019-11-11 20:29:18Z" duration="0.000390" total="1" passed="1" failed="0" warnings="0" inconclusive="0" skipped="0" asserts="2">
                <properties>
                  <property name="Category" value="ExceptionExpected" />
                </properties>
                <test-case id="2167" name="CreateTableThrowsExceptionNotWrappedInGVFSDatabaseException()" fullname="GVFS.UnitTests.Common.Database.SparseTableTests.CreateTableThrowsExceptionNotWrappedInGVFSDatabaseException()" methodname="CreateTableThrowsExceptionNotWrappedInGVFSDatabaseException" classname="GVFS.UnitTests.Common.Database.TableTests`1" runstate="Runnable" seed="1793407391" result="Passed" start-time="2019-11-11 20:29:18Z" end-time="2019-11-11 20:29:18Z" duration="0.000322" asserts="2">
                  <properties />
                </test-case>
              </test-suite>
              <test-suite type="ParameterizedMethod" id="2154" name="GetAllThrowsGVFSDatabaseException" fullname="GVFS.UnitTests.Common.Database.SparseTableTests.GetAllThrowsGVFSDatabaseException" classname="GVFS.UnitTests.Common.Database.SparseTableTests" runstate="Runnable" testcasecount="1" result="Passed" start-time="2019-11-11 20:29:18Z" end-time="2019-11-11 20:29:18Z" duration="0.003173" total="1" passed="1" failed="0" warnings="0" inconclusive="0" skipped="0" asserts="3">
                <properties>
                  <property name="Category" value="ExceptionExpected" />
                </properties>
                <test-case id="2153" name="GetAllThrowsGVFSDatabaseException()" fullname="GVFS.UnitTests.Common.Database.SparseTableTests.GetAllThrowsGVFSDatabaseException()" methodname="GetAllThrowsGVFSDatabaseException" classname="GVFS.UnitTests.Common.Database.SparseTableTests" runstate="Runnable" seed="1807757667" result="Passed" start-time="2019-11-11 20:29:18Z" end-time="2019-11-11 20:29:18Z" duration="0.003129" asserts="3">
                  <properties />
                </test-case>
              </test-suite>
              <test-suite type="ParameterizedMethod" id="2150" name="GetAllWithNoResults" fullname="GVFS.UnitTests.Common.Database.SparseTableTests.GetAllWithNoResults" classname="GVFS.UnitTests.Common.Database.SparseTableTests" runstate="Runnable" testcasecount="1" result="Passed" start-time="2019-11-11 20:29:18Z" end-time="2019-11-11 20:29:18Z" duration="0.001573" total="1" passed="1" failed="0" warnings="0" inconclusive="0" skipped="0" asserts="1">
                <properties />
                <test-case id="2149" name="GetAllWithNoResults()" fullname="GVFS.UnitTests.Common.Database.SparseTableTests.GetAllWithNoResults()" methodname="GetAllWithNoResults" classname="GVFS.UnitTests.Common.Database.SparseTableTests" runstate="Runnable" seed="1367693927" result="Passed" start-time="2019-11-11 20:29:18Z" end-time="2019-11-11 20:29:18Z" duration="0.001545" asserts="1">
                  <properties />
                </test-case>
              </test-suite>
              <test-suite type="ParameterizedMethod" id="2152" name="GetAllWithWithOneResult" fullname="GVFS.UnitTests.Common.Database.SparseTableTests.GetAllWithWithOneResult" classname="GVFS.UnitTests.Common.Database.SparseTableTests" runstate="Runnable" testcasecount="1" result="Passed" start-time="2019-11-11 20:29:18Z" end-time="2019-11-11 20:29:18Z" duration="0.002782" total="1" passed="1" failed="0" warnings="0" inconclusive="0" skipped="0" asserts="2">
                <properties />
                <test-case id="2151" name="GetAllWithWithOneResult()" fullname="GVFS.UnitTests.Common.Database.SparseTableTests.GetAllWithWithOneResult()" methodname="GetAllWithWithOneResult" classname="GVFS.UnitTests.Common.Database.SparseTableTests" runstate="Runnable" seed="1968468218" result="Passed" start-time="2019-11-11 20:29:18Z" end-time="2019-11-11 20:29:18Z" duration="0.002697" asserts="2">
                  <properties />
                </test-case>
              </test-suite>
              <test-suite type="ParameterizedMethod" id="2162" name="RemoveThrowsGVFSDatabaseException" fullname="GVFS.UnitTests.Common.Database.SparseTableTests.RemoveThrowsGVFSDatabaseException" classname="GVFS.UnitTests.Common.Database.SparseTableTests" runstate="Runnable" testcasecount="1" result="Passed" start-time="2019-11-11 20:29:18Z" end-time="2019-11-11 20:29:18Z" duration="0.003169" total="1" passed="1" failed="0" warnings="0" inconclusive="0" skipped="0" asserts="3">
                <properties>
                  <property name="Category" value="ExceptionExpected" />
                </properties>
                <test-case id="2161" name="RemoveThrowsGVFSDatabaseException()" fullname="GVFS.UnitTests.Common.Database.SparseTableTests.RemoveThrowsGVFSDatabaseException()" methodname="RemoveThrowsGVFSDatabaseException" classname="GVFS.UnitTests.Common.Database.SparseTableTests" runstate="Runnable" seed="999735122" result="Passed" start-time="2019-11-11 20:29:18Z" end-time="2019-11-11 20:29:18Z" duration="0.003140" asserts="3">
                  <properties />
                </test-case>
              </test-suite>
              <test-suite type="ParameterizedMethod" id="2160" name="RemoveVariousPaths" fullname="GVFS.UnitTests.Common.Database.SparseTableTests.RemoveVariousPaths" classname="GVFS.UnitTests.Common.Database.SparseTableTests" runstate="Runnable" testcasecount="1" result="Passed" start-time="2019-11-11 20:29:18Z" end-time="2019-11-11 20:29:18Z" duration="0.014376" total="1" passed="1" failed="0" warnings="0" inconclusive="0" skipped="0" asserts="0">
                <properties />
                <test-case id="2159" name="RemoveVariousPaths()" fullname="GVFS.UnitTests.Common.Database.SparseTableTests.RemoveVariousPaths()" methodname="RemoveVariousPaths" classname="GVFS.UnitTests.Common.Database.SparseTableTests" runstate="Runnable" seed="629655300" result="Passed" start-time="2019-11-11 20:29:18Z" end-time="2019-11-11 20:29:18Z" duration="0.014345" asserts="0">
                  <properties />
                </test-case>
              </test-suite>
            </test-suite>
          </test-suite>
          <test-suite type="TestFixture" id="1610" name="EpochConverterTests" fullname="GVFS.UnitTests.Common.EpochConverterTests" classname="GVFS.UnitTests.Common.EpochConverterTests" runstate="Runnable" testcasecount="3" result="Passed" start-time="2019-11-11 20:29:18Z" end-time="2019-11-11 20:29:18Z" duration="0.003091" total="3" passed="3" failed="0" warnings="0" inconclusive="0" skipped="0" asserts="8">
            <properties />
            <test-suite type="ParameterizedMethod" id="1612" name="DateToEpochToDate" fullname="GVFS.UnitTests.Common.EpochConverterTests.DateToEpochToDate" classname="GVFS.UnitTests.Common.EpochConverterTests" runstate="Runnable" testcasecount="1" result="Passed" start-time="2019-11-11 20:29:18Z" end-time="2019-11-11 20:29:18Z" duration="0.001096" total="1" passed="1" failed="0" warnings="0" inconclusive="0" skipped="0" asserts="1">
              <properties />
              <test-case id="1611" name="DateToEpochToDate()" fullname="GVFS.UnitTests.Common.EpochConverterTests.DateToEpochToDate()" methodname="DateToEpochToDate" classname="GVFS.UnitTests.Common.EpochConverterTests" runstate="Runnable" seed="1899770229" result="Passed" start-time="2019-11-11 20:29:18Z" end-time="2019-11-11 20:29:18Z" duration="0.001069" asserts="1">
                <properties />
              </test-case>
            </test-suite>
            <test-suite type="ParameterizedMethod" id="1614" name="EpochToDateToEpoch" fullname="GVFS.UnitTests.Common.EpochConverterTests.EpochToDateToEpoch" classname="GVFS.UnitTests.Common.EpochConverterTests" runstate="Runnable" testcasecount="1" result="Passed" start-time="2019-11-11 20:29:18Z" end-time="2019-11-11 20:29:18Z" duration="0.000863" total="1" passed="1" failed="0" warnings="0" inconclusive="0" skipped="0" asserts="1">
              <properties />
              <test-case id="1613" name="EpochToDateToEpoch()" fullname="GVFS.UnitTests.Common.EpochConverterTests.EpochToDateToEpoch()" methodname="EpochToDateToEpoch" classname="GVFS.UnitTests.Common.EpochConverterTests" runstate="Runnable" seed="2087381439" result="Passed" start-time="2019-11-11 20:29:18Z" end-time="2019-11-11 20:29:18Z" duration="0.000833" asserts="1">
                <properties />
              </test-case>
            </test-suite>
[...]
                  <properties />
                </test-case>
              </test-suite>
              <test-suite type="ParameterizedMethod" id="1153" name="AddFolderWhereParentIncludedIsFalseAndIncluded" fullname="GVFS.UnitTests.Virtualization.Git.SortedFolderEntriesTests.AddFolderWhereParentIncludedIsFalseAndIncluded" classname="GVFS.UnitTests.Virtualization.Git.SortedFolderEntriesTests" runstate="Runnable" testcasecount="1" result="Passed" start-time="2019-11-11 20:29:29Z" end-time="2019-11-11 20:29:29Z" duration="0.000583" total="1" passed="1" failed="0" warnings="0" inconclusive="0" skipped="0" asserts="62">
                <properties />
                <test-case id="1152" name="AddFolderWhereParentIncludedIsFalseAndIncluded()" fullname="GVFS.UnitTests.Virtualization.Git.SortedFolderEntriesTests.AddFolderWhereParentIncludedIsFalseAndIncluded()" methodname="AddFolderWhereParentIncludedIsFalseAndIncluded" classname="GVFS.UnitTests.Virtualization.Git.SortedFolderEntriesTests" runstate="Runnable" seed="330903546" result="Passed" start-time="2019-11-11 20:29:29Z" end-time="2019-11-11 20:29:29Z" duration="0.000554" asserts="62">
                  <properties />
                </test-case>
              </test-suite>
              <test-suite type="ParameterizedMethod" id="1155" name="AddFolderWhereParentIncludedIsTrueAndChildIsIncluded" fullname="GVFS.UnitTests.Virtualization.Git.SortedFolderEntriesTests.AddFolderWhereParentIncludedIsTrueAndChildIsIncluded" classname="GVFS.UnitTests.Virtualization.Git.SortedFolderEntriesTests" runstate="Runnable" testcasecount="1" result="Passed" start-time="2019-11-11 20:29:29Z" end-time="2019-11-11 20:29:29Z" duration="0.000674" total="1" passed="1" failed="0" warnings="0" inconclusive="0" skipped="0" asserts="62">
                <properties />
                <test-case id="1154" name="AddFolderWhereParentIncludedIsTrueAndChildIsIncluded()" fullname="GVFS.UnitTests.Virtualization.Git.SortedFolderEntriesTests.AddFolderWhereParentIncludedIsTrueAndChildIsIncluded()" methodname="AddFolderWhereParentIncludedIsTrueAndChildIsIncluded" classname="GVFS.UnitTests.Virtualization.Git.SortedFolderEntriesTests" runstate="Runnable" seed="1148920082" result="Passed" start-time="2019-11-11 20:29:29Z" end-time="2019-11-11 20:29:29Z" duration="0.000628" asserts="62">
                  <properties />
                </test-case>
              </test-suite>
              <test-suite type="ParameterizedMethod" id="1157" name="AddFolderWhereParentIncludedIsTrueAndChildIsNotIncluded" fullname="GVFS.UnitTests.Virtualization.Git.SortedFolderEntriesTests.AddFolderWhereParentIncludedIsTrueAndChildIsNotIncluded" classname="GVFS.UnitTests.Virtualization.Git.SortedFolderEntriesTests" runstate="Runnable" testcasecount="1" result="Passed" start-time="2019-11-11 20:29:29Z" end-time="2019-11-11 20:29:29Z" duration="0.000602" total="1" passed="1" failed="0" warnings="0" inconclusive="0" skipped="0" asserts="62">
                <properties />
                <test-case id="1156" name="AddFolderWhereParentIncludedIsTrueAndChildIsNotIncluded()" fullname="GVFS.UnitTests.Virtualization.Git.SortedFolderEntriesTests.AddFolderWhereParentIncludedIsTrueAndChildIsNotIncluded()" methodname="AddFolderWhereParentIncludedIsTrueAndChildIsNotIncluded" classname="GVFS.UnitTests.Virtualization.Git.SortedFolderEntriesTests" runstate="Runnable" seed="1053282636" result="Passed" start-time="2019-11-11 20:29:29Z" end-time="2019-11-11 20:29:29Z" duration="0.000571" asserts="62">
                  <properties />
                </test-case>
              </test-suite>
              <test-suite type="ParameterizedMethod" id="1159" name="AddFolderWhereParentIsRecursive" fullname="GVFS.UnitTests.Virtualization.Git.SortedFolderEntriesTests.AddFolderWhereParentIsRecursive" classname="GVFS.UnitTests.Virtualization.Git.SortedFolderEntriesTests" runstate="Runnable" testcasecount="1" result="Passed" start-time="2019-11-11 20:29:29Z" end-time="2019-11-11 20:29:29Z" duration="0.000719" total="1" passed="1" failed="0" warnings="0" inconclusive="0" skipped="0" asserts="62">
                <properties />
                <test-case id="1158" name="AddFolderWhereParentIsRecursive()" fullname="GVFS.UnitTests.Virtualization.Git.SortedFolderEntriesTests.AddFolderWhereParentIsRecursive()" methodname="AddFolderWhereParentIsRecursive" classname="GVFS.UnitTests.Virtualization.Git.SortedFolderEntriesTests" runstate="Runnable" seed="1600342630" result="Passed" start-time="2019-11-11 20:29:29Z" end-time="2019-11-11 20:29:29Z" duration="0.000690" asserts="62">
                  <properties />
                </test-case>
              </test-suite>
              <test-suite type="ParameterizedMethod" id="1143" name="AddItemAtEnd" fullname="GVFS.UnitTests.Virtualization.Git.SortedFolderEntriesTests.AddItemAtEnd" classname="GVFS.UnitTests.Virtualization.Git.SortedFolderEntriesTests" runstate="Runnable" testcasecount="1" result="Passed" start-time="2019-11-11 20:29:29Z" end-time="2019-11-11 20:29:29Z" duration="0.000690" total="1" passed="1" failed="0" warnings="0" inconclusive="0" skipped="0" asserts="58">
                <properties />
                <test-case id="1142" name="AddItemAtEnd()" fullname="GVFS.UnitTests.Virtualization.Git.SortedFolderEntriesTests.AddItemAtEnd()" methodname="AddItemAtEnd" classname="GVFS.UnitTests.Virtualization.Git.SortedFolderEntriesTests" runstate="Runnable" seed="828371220" result="Passed" start-time="2019-11-11 20:29:29Z" end-time="2019-11-11 20:29:29Z" duration="0.000664" asserts="58">
                  <properties />
                </test-case>
              </test-suite>
              <test-suite type="ParameterizedMethod" id="1145" name="AddItemAtTheBeginning" fullname="GVFS.UnitTests.Virtualization.Git.SortedFolderEntriesTests.AddItemAtTheBeginning" classname="GVFS.UnitTests.Virtualization.Git.SortedFolderEntriesTests" runstate="Runnable" testcasecount="1" result="Passed" start-time="2019-11-11 20:29:29Z" end-time="2019-11-11 20:29:29Z" duration="0.000584" total="1" passed="1" failed="0" warnings="0" inconclusive="0" skipped="0" asserts="58">
                <properties />
                <test-case id="1144" name="AddItemAtTheBeginning()" fullname="GVFS.UnitTests.Virtualization.Git.SortedFolderEntriesTests.AddItemAtTheBeginning()" methodname="AddItemAtTheBeginning" classname="GVFS.UnitTests.Virtualization.Git.SortedFolderEntriesTests" runstate="Runnable" seed="530332383" result="Passed" start-time="2019-11-11 20:29:29Z" end-time="2019-11-11 20:29:29Z" duration="0.000550" asserts="58">
                  <properties />
                </test-case>
              </test-suite>
              <test-suite type="ParameterizedMethod" id="1165" name="Clear" fullname="GVFS.UnitTests.Virtualization.Git.SortedFolderEntriesTests.Clear" classname="GVFS.UnitTests.Virtualization.Git.SortedFolderEntriesTests" runstate="Runnable" testcasecount="1" result="Passed" start-time="2019-11-11 20:29:29Z" end-time="2019-11-11 20:29:29Z" duration="0.000653" total="1" passed="1" failed="0" warnings="0" inconclusive="0" skipped="0" asserts="58">
                <properties />
                <test-case id="1164" name="Clear()" fullname="GVFS.UnitTests.Virtualization.Git.SortedFolderEntriesTests.Clear()" methodname="Clear" classname="GVFS.UnitTests.Virtualization.Git.SortedFolderEntriesTests" runstate="Runnable" seed="1629383621" result="Passed" start-time="2019-11-11 20:29:29Z" end-time="2019-11-11 20:29:29Z" duration="0.000607" asserts="58">
                  <properties />
                </test-case>
              </test-suite>
              <test-suite type="ParameterizedMethod" id="1133" name="EmptyFolderEntries_NotFound" fullname="GVFS.UnitTests.Virtualization.Git.SortedFolderEntriesTests.EmptyFolderEntries_NotFound" classname="GVFS.UnitTests.Virtualization.Git.SortedFolderEntriesTests" runstate="Runnable" testcasecount="1" result="Passed" start-time="2019-11-11 20:29:29Z" end-time="2019-11-11 20:29:29Z" duration="0.000414" total="1" passed="1" failed="0" warnings="0" inconclusive="0" skipped="0" asserts="2">
                <properties />
                <test-case id="1132" name="EmptyFolderEntries_NotFound()" fullname="GVFS.UnitTests.Virtualization.Git.SortedFolderEntriesTests.EmptyFolderEntries_NotFound()" methodname="EmptyFolderEntries_NotFound" classname="GVFS.UnitTests.Virtualization.Git.SortedFolderEntriesTests" runstate="Runnable" seed="1484854255" result="Passed" start-time="2019-11-11 20:29:29Z" end-time="2019-11-11 20:29:29Z" duration="0.000387" asserts="2">
                  <properties />
                </test-case>
              </test-suite>
              <test-suite type="ParameterizedMethod" id="1139" name="EntryFoundDifferentCase" fullname="GVFS.UnitTests.Virtualization.Git.SortedFolderEntriesTests.EntryFoundDifferentCase" classname="GVFS.UnitTests.Virtualization.Git.SortedFolderEntriesTests" runstate="Runnable" testcasecount="1" result="Passed" start-time="2019-11-11 20:29:29Z" end-time="2019-11-11 20:29:29Z" duration="0.000527" total="1" passed="1" failed="0" warnings="0" inconclusive="0" skipped="0" asserts="59">
                <properties>
                  <property name="Category" value="CaseInsensitiveFileSystemOnly" />
                </properties>
                <test-case id="1138" name="EntryFoundDifferentCase()" fullname="GVFS.UnitTests.Virtualization.Git.SortedFolderEntriesTests.EntryFoundDifferentCase()" methodname="EntryFoundDifferentCase" classname="GVFS.UnitTests.Virtualization.Git.SortedFolderEntriesTests" runstate="Runnable" seed="993118342" result="Passed" start-time="2019-11-11 20:29:29Z" end-time="2019-11-11 20:29:29Z" duration="0.000497" asserts="59">
                  <properties />
                </test-case>
              </test-suite>
              <test-suite type="ParameterizedMethod" id="1137" name="EntryFoundMatchingCase" fullname="GVFS.UnitTests.Virtualization.Git.SortedFolderEntriesTests.EntryFoundMatchingCase" classname="GVFS.UnitTests.Virtualization.Git.SortedFolderEntriesTests" runstate="Runnable" testcasecount="1" result="Passed" start-time="2019-11-11 20:29:29Z" end-time="2019-11-11 20:29:29Z" duration="0.000505" total="1" passed="1" failed="0" warnings="0" inconclusive="0" skipped="0" asserts="59">
                <properties />
                <test-case id="1136" name="EntryFoundMatchingCase()" fullname="GVFS.UnitTests.Virtualization.Git.SortedFolderEntriesTests.EntryFoundMatchingCase()" methodname="EntryFoundMatchingCase" classname="GVFS.UnitTests.Virtualization.Git.SortedFolderEntriesTests" runstate="Runnable" seed="1170890120" result="Passed" start-time="2019-11-11 20:29:29Z" end-time="2019-11-11 20:29:29Z" duration="0.000477" asserts="59">
                  <properties />
                </test-case>
              </test-suite>
              <test-suite type="ParameterizedMethod" id="1135" name="EntryNotFound" fullname="GVFS.UnitTests.Virtualization.Git.SortedFolderEntriesTests.EntryNotFound" classname="GVFS.UnitTests.Virtualization.Git.SortedFolderEntriesTests" runstate="Runnable" testcasecount="1" result="Passed" start-time="2019-11-11 20:29:29Z" end-time="2019-11-11 20:29:29Z" duration="0.002104" total="1" passed="1" failed="0" warnings="0" inconclusive="0" skipped="0" asserts="59">
                <properties />
                <test-case id="1134" name="EntryNotFound()" fullname="GVFS.UnitTests.Virtualization.Git.SortedFolderEntriesTests.EntryNotFound()" methodname="EntryNotFound" classname="GVFS.UnitTests.Virtualization.Git.SortedFolderEntriesTests" runstate="Runnable" seed="1931685939" result="Passed" start-time="2019-11-11 20:29:29Z" end-time="2019-11-11 20:29:29Z" duration="0.002073" asserts="59">
                  <properties />
                </test-case>
              </test-suite>
              <test-suite type="ParameterizedMethod" id="1151" name="FoldersShouldBeIncludedWhenSparseFolderDataIsEmpty" fullname="GVFS.UnitTests.Virtualization.Git.SortedFolderEntriesTests.FoldersShouldBeIncludedWhenSparseFolderDataIsEmpty" classname="GVFS.UnitTests.Virtualization.Git.SortedFolderEntriesTests" runstate="Runnable" testcasecount="1" result="Passed" start-time="2019-11-11 20:29:29Z" end-time="2019-11-11 20:29:29Z" duration="0.000523" total="1" passed="1" failed="0" warnings="0" inconclusive="0" skipped="0" asserts="62">
                <properties />
                <test-case id="1150" name="FoldersShouldBeIncludedWhenSparseFolderDataIsEmpty()" fullname="GVFS.UnitTests.Virtualization.Git.SortedFolderEntriesTests.FoldersShouldBeIncludedWhenSparseFolderDataIsEmpty()" methodname="FoldersShouldBeIncludedWhenSparseFolderDataIsEmpty" classname="GVFS.UnitTests.Virtualization.Git.SortedFolderEntriesTests" runstate="Runnable" seed="917129598" result="Passed" start-time="2019-11-11 20:29:29Z" end-time="2019-11-11 20:29:29Z" duration="0.000494" asserts="62">
                  <properties />
                </test-case>
              </test-suite>
              <test-suite type="ParameterizedMethod" id="1167" name="SmallEntries" fullname="GVFS.UnitTests.Virtualization.Git.SortedFolderEntriesTests.SmallEntries" classname="GVFS.UnitTests.Virtualization.Git.SortedFolderEntriesTests" runstate="Runnable" testcasecount="1" result="Passed" start-time="2019-11-11 20:29:29Z" end-time="2019-11-11 20:29:29Z" duration="0.000500" total="1" passed="1" failed="0" warnings="0" inconclusive="0" skipped="0" asserts="4">
                <properties />
                <test-case id="1166" name="SmallEntries()" fullname="GVFS.UnitTests.Virtualization.Git.SortedFolderEntriesTests.SmallEntries()" methodname="SmallEntries" classname="GVFS.UnitTests.Virtualization.Git.SortedFolderEntriesTests" runstate="Runnable" seed="1321414450" result="Passed" start-time="2019-11-11 20:29:29Z" end-time="2019-11-11 20:29:29Z" duration="0.000466" asserts="4">
                  <properties />
                </test-case>
              </test-suite>
              <test-suite type="ParameterizedMethod" id="1147" name="ValidateCaseInsensitiveOrderOfDefaultEntries" fullname="GVFS.UnitTests.Virtualization.Git.SortedFolderEntriesTests.ValidateCaseInsensitiveOrderOfDefaultEntries" classname="GVFS.UnitTests.Virtualization.Git.SortedFolderEntriesTests" runstate="Runnable" testcasecount="1" result="Passed" start-time="2019-11-11 20:29:29Z" end-time="2019-11-11 20:29:29Z" duration="0.001130" total="1" passed="1" failed="0" warnings="0" inconclusive="0" skipped="0" asserts="72">
                <properties>
                  <property name="Category" value="CaseInsensitiveFileSystemOnly" />
                </properties>
                <test-case id="1146" name="ValidateCaseInsensitiveOrderOfDefaultEntries()" fullname="GVFS.UnitTests.Virtualization.Git.SortedFolderEntriesTests.ValidateCaseInsensitiveOrderOfDefaultEntries()" methodname="ValidateCaseInsensitiveOrderOfDefaultEntries" classname="GVFS.UnitTests.Virtualization.Git.SortedFolderEntriesTests" runstate="Runnable" seed="84201082" result="Passed" start-time="2019-11-11 20:29:29Z" end-time="2019-11-11 20:29:29Z" duration="0.001071" asserts="72">
                  <properties />
                </test-case>
              </test-suite>
            </test-suite>
          </test-suite>
          <test-suite type="TestFixture" id="1022" name="ObjectPoolTests" fullname="GVFS.UnitTests.Virtualization.ObjectPoolTests" classname="GVFS.UnitTests.Virtualization.ObjectPoolTests" runstate="Runnable" testcasecount="4" result="Passed" start-time="2019-11-11 20:29:29Z" end-time="2019-11-11 20:29:29Z" duration="0.004175" total="4" passed="4" failed="0" warnings="0" inconclusive="0" skipped="0" asserts="348">
            <properties />
            <test-suite type="ParameterizedMethod" id="1030" name="FreeKeepsPoolSize" fullname="GVFS.UnitTests.Virtualization.ObjectPoolTests.FreeKeepsPoolSize" classname="GVFS.UnitTests.Virtualization.ObjectPoolTests" runstate="Runnable" testcasecount="1" result="Passed" start-time="2019-11-11 20:29:29Z" end-time="2019-11-11 20:29:29Z" duration="0.002030" total="1" passed="1" failed="0" warnings="0" inconclusive="0" skipped="0" asserts="221">
              <properties />
              <test-case id="1029" name="FreeKeepsPoolSize()" fullname="GVFS.UnitTests.Virtualization.ObjectPoolTests.FreeKeepsPoolSize()" methodname="FreeKeepsPoolSize" classname="GVFS.UnitTests.Virtualization.ObjectPoolTests" runstate="Runnable" seed="823923871" result="Passed" start-time="2019-11-11 20:29:29Z" end-time="2019-11-11 20:29:29Z" duration="0.002001" asserts="221">
                <properties />
              </test-case>
            </test-suite>
            <test-suite type="ParameterizedMethod" id="1028" name="FreeToZeroAllocatesMinimumSizeNextGet" fullname="GVFS.UnitTests.Virtualization.ObjectPoolTests.FreeToZeroAllocatesMinimumSizeNextGet" classname="GVFS.UnitTests.Virtualization.ObjectPoolTests" runstate="Runnable" testcasecount="1" result="Passed" start-time="2019-11-11 20:29:29Z" end-time="2019-11-11 20:29:29Z" duration="0.000910" total="1" passed="1" failed="0" warnings="0" inconclusive="0" skipped="0" asserts="3">
              <properties />
              <test-case id="1027" name="FreeToZeroAllocatesMinimumSizeNextGet()" fullname="GVFS.UnitTests.Virtualization.ObjectPoolTests.FreeToZeroAllocatesMinimumSizeNextGet()" methodname="FreeToZeroAllocatesMinimumSizeNextGet" classname="GVFS.UnitTests.Virtualization.ObjectPoolTests" runstate="Runnable" seed="153629479" result="Passed" start-time="2019-11-11 20:29:29Z" end-time="2019-11-11 20:29:29Z" duration="0.000859" asserts="3">
                <properties />
              </test-case>
            </test-suite>
            <test-suite type="ParameterizedMethod" id="1026" name="ShrinkKeepsUsedObjectsPlusPercent" fullname="GVFS.UnitTests.Virtualization.ObjectPoolTests.ShrinkKeepsUsedObjectsPlusPercent" classname="GVFS.UnitTests.Virtualization.ObjectPoolTests" runstate="Runnable" testcasecount="1" result="Passed" start-time="2019-11-11 20:29:29Z" end-time="2019-11-11 20:29:29Z" duration="0.000859" total="1" passed="1" failed="0" warnings="0" inconclusive="0" skipped="0" asserts="22">
              <properties />
              <test-case id="1025" name="ShrinkKeepsUsedObjectsPlusPercent()" fullname="GVFS.UnitTests.Virtualization.ObjectPoolTests.ShrinkKeepsUsedObjectsPlusPercent()" methodname="ShrinkKeepsUsedObjectsPlusPercent" classname="GVFS.UnitTests.Virtualization.ObjectPoolTests" runstate="Runnable" seed="1789681889" result="Passed" start-time="2019-11-11 20:29:29Z" end-time="2019-11-11 20:29:29Z" duration="0.000824" asserts="22">
                <properties />
              </test-case>
            </test-suite>
            <test-suite type="ParameterizedMethod" id="1024" name="TestGettingObjects" fullname="GVFS.UnitTests.Virtualization.ObjectPoolTests.TestGettingObjects" classname="GVFS.UnitTests.Virtualization.ObjectPoolTests" runstate="Runnable" testcasecount="1" result="Passed" start-time="2019-11-11 20:29:29Z" end-time="2019-11-11 20:29:29Z" duration="0.000222" total="1" passed="1" failed="0" warnings="0" inconclusive="0" skipped="0" asserts="102">
              <properties />
              <test-case id="1023" name="TestGettingObjects()" fullname="GVFS.UnitTests.Virtualization.ObjectPoolTests.TestGettingObjects()" methodname="TestGettingObjects" classname="GVFS.UnitTests.Virtualization.ObjectPoolTests" runstate="Runnable" seed="1201454907" result="Passed" start-time="2019-11-11 20:29:29Z" end-time="2019-11-11 20:29:29Z" duration="0.000196" asserts="102">
                <properties />
              </test-case>
            </test-suite>
          </test-suite>
        </test-suite>
      </test-suite>
    </test-suite>
  </test-suite>
</test-run>